mode: atomic
github.com/PromptPal/PromptPal/config/env.go:28.39,30.2 1 0
github.com/PromptPal/PromptPal/config/env.go:32.34,35.15 3 0
github.com/PromptPal/PromptPal/config/env.go:35.15,37.3 1 0
github.com/PromptPal/PromptPal/config/env.go:38.2,39.16 2 0
github.com/PromptPal/PromptPal/config/env.go:39.16,41.3 1 0
github.com/PromptPal/PromptPal/config/env.go:43.2,43.85 1 0
github.com/PromptPal/PromptPal/config/env.go:43.85,45.3 1 0
github.com/PromptPal/PromptPal/config/env.go:47.2,47.20 1 0
github.com/PromptPal/PromptPal/main.go:21.13,25.2 3 0
github.com/PromptPal/PromptPal/main.go:27.24,32.78 5 0
github.com/PromptPal/PromptPal/main.go:32.78,34.3 1 0
github.com/PromptPal/PromptPal/main.go:35.2,47.12 5 0
github.com/PromptPal/PromptPal/main.go:47.12,48.80 1 0
github.com/PromptPal/PromptPal/main.go:48.80,50.4 1 0
github.com/PromptPal/PromptPal/main.go:53.2,63.45 9 0
github.com/PromptPal/PromptPal/main.go:63.45,65.3 1 0
github.com/PromptPal/PromptPal/main.go:66.2,66.43 1 0
github.com/PromptPal/PromptPal/ent/activity/activity.go:58.38,59.25 1 0
github.com/PromptPal/PromptPal/ent/activity/activity.go:59.25,60.27 1 0
github.com/PromptPal/PromptPal/ent/activity/activity.go:60.27,62.4 1 0
github.com/PromptPal/PromptPal/ent/activity/activity.go:64.2,64.29 1 0
github.com/PromptPal/PromptPal/ent/activity/activity.go:64.29,65.31 1 0
github.com/PromptPal/PromptPal/ent/activity/activity.go:65.31,67.4 1 0
github.com/PromptPal/PromptPal/ent/activity/activity.go:69.2,69.14 1 0
github.com/PromptPal/PromptPal/ent/activity/activity.go:85.52,87.2 1 0
github.com/PromptPal/PromptPal/ent/activity/activity.go:90.60,92.2 1 0
github.com/PromptPal/PromptPal/ent/activity/activity.go:95.60,97.2 1 0
github.com/PromptPal/PromptPal/ent/activity/activity.go:100.76,101.31 1 0
github.com/PromptPal/PromptPal/ent/activity/activity.go:101.31,103.3 1 0
github.com/PromptPal/PromptPal/ent/activity/activity.go:107.73,108.31 1 0
github.com/PromptPal/PromptPal/ent/activity/activity.go:108.31,110.3 1 0
github.com/PromptPal/PromptPal/ent/activity/activity.go:112.38,118.2 1 0
github.com/PromptPal/PromptPal/ent/activity/activity.go:119.35,125.2 1 0
github.com/PromptPal/PromptPal/ent/activity/where.go:14.36,16.2 1 0
github.com/PromptPal/PromptPal/ent/activity/where.go:19.38,21.2 1 0
github.com/PromptPal/PromptPal/ent/activity/where.go:24.39,26.2 1 0
github.com/PromptPal/PromptPal/ent/activity/where.go:29.42,31.2 1 0
github.com/PromptPal/PromptPal/ent/activity/where.go:34.45,36.2 1 0
github.com/PromptPal/PromptPal/ent/activity/where.go:39.38,41.2 1 0
github.com/PromptPal/PromptPal/ent/activity/where.go:44.39,46.2 1 0
github.com/PromptPal/PromptPal/ent/activity/where.go:49.38,51.2 1 0
github.com/PromptPal/PromptPal/ent/activity/where.go:54.39,56.2 1 0
github.com/PromptPal/PromptPal/ent/activity/where.go:59.49,61.2 1 0
github.com/PromptPal/PromptPal/ent/activity/where.go:64.49,66.2 1 0
github.com/PromptPal/PromptPal/ent/activity/where.go:69.51,71.2 1 0
github.com/PromptPal/PromptPal/ent/activity/where.go:74.52,76.2 1 0
github.com/PromptPal/PromptPal/ent/activity/where.go:79.55,81.2 1 0
github.com/PromptPal/PromptPal/ent/activity/where.go:84.58,86.2 1 0
github.com/PromptPal/PromptPal/ent/activity/where.go:89.51,91.2 1 0
github.com/PromptPal/PromptPal/ent/activity/where.go:94.52,96.2 1 0
github.com/PromptPal/PromptPal/ent/activity/where.go:99.51,101.2 1 0
github.com/PromptPal/PromptPal/ent/activity/where.go:104.52,106.2 1 0
github.com/PromptPal/PromptPal/ent/activity/where.go:109.51,111.2 1 0
github.com/PromptPal/PromptPal/ent/activity/where.go:114.52,116.2 1 0
github.com/PromptPal/PromptPal/ent/activity/where.go:119.55,121.2 1 0
github.com/PromptPal/PromptPal/ent/activity/where.go:124.58,126.2 1 0
github.com/PromptPal/PromptPal/ent/activity/where.go:129.51,131.2 1 0
github.com/PromptPal/PromptPal/ent/activity/where.go:134.52,136.2 1 0
github.com/PromptPal/PromptPal/ent/activity/where.go:139.51,141.2 1 0
github.com/PromptPal/PromptPal/ent/activity/where.go:144.52,146.2 1 0
github.com/PromptPal/PromptPal/ent/activity/where.go:149.38,150.50 1 0
github.com/PromptPal/PromptPal/ent/activity/where.go:150.50,156.3 2 0
github.com/PromptPal/PromptPal/ent/activity/where.go:160.68,161.50 1 0
github.com/PromptPal/PromptPal/ent/activity/where.go:161.50,163.60 2 0
github.com/PromptPal/PromptPal/ent/activity/where.go:163.60,164.28 1 0
github.com/PromptPal/PromptPal/ent/activity/where.go:164.28,166.5 1 0
github.com/PromptPal/PromptPal/ent/activity/where.go:172.35,173.50 1 0
github.com/PromptPal/PromptPal/ent/activity/where.go:173.50,179.3 2 0
github.com/PromptPal/PromptPal/ent/activity/where.go:183.62,184.50 1 0
github.com/PromptPal/PromptPal/ent/activity/where.go:184.50,186.60 2 0
github.com/PromptPal/PromptPal/ent/activity/where.go:186.60,187.28 1 0
github.com/PromptPal/PromptPal/ent/activity/where.go:187.28,189.5 1 0
github.com/PromptPal/PromptPal/ent/activity/where.go:195.63,197.2 1 0
github.com/PromptPal/PromptPal/ent/activity/where.go:200.62,202.2 1 0
github.com/PromptPal/PromptPal/ent/activity/where.go:205.51,207.2 1 0
github.com/PromptPal/PromptPal/ent/history/history.go:60.38,61.25 1 0
github.com/PromptPal/PromptPal/ent/history/history.go:61.25,62.27 1 0
github.com/PromptPal/PromptPal/ent/history/history.go:62.27,64.4 1 0
github.com/PromptPal/PromptPal/ent/history/history.go:66.2,66.14 1 0
github.com/PromptPal/PromptPal/ent/history/history.go:82.52,84.2 1 0
github.com/PromptPal/PromptPal/ent/history/history.go:87.60,89.2 1 0
github.com/PromptPal/PromptPal/ent/history/history.go:92.60,94.2 1 0
github.com/PromptPal/PromptPal/ent/history/history.go:97.60,99.2 1 0
github.com/PromptPal/PromptPal/ent/history/history.go:102.58,104.2 1 0
github.com/PromptPal/PromptPal/ent/history/history.go:107.77,108.31 1 0
github.com/PromptPal/PromptPal/ent/history/history.go:108.31,110.3 1 0
github.com/PromptPal/PromptPal/ent/history/history.go:114.75,115.31 1 0
github.com/PromptPal/PromptPal/ent/history/history.go:115.31,117.3 1 0
github.com/PromptPal/PromptPal/ent/history/history.go:119.39,125.2 1 0
github.com/PromptPal/PromptPal/ent/history/history.go:126.37,132.2 1 0
github.com/PromptPal/PromptPal/ent/history/where.go:14.35,16.2 1 0
github.com/PromptPal/PromptPal/ent/history/where.go:19.37,21.2 1 0
github.com/PromptPal/PromptPal/ent/history/where.go:24.38,26.2 1 0
github.com/PromptPal/PromptPal/ent/history/where.go:29.41,31.2 1 0
github.com/PromptPal/PromptPal/ent/history/where.go:34.44,36.2 1 0
github.com/PromptPal/PromptPal/ent/history/where.go:39.37,41.2 1 0
github.com/PromptPal/PromptPal/ent/history/where.go:44.38,46.2 1 0
github.com/PromptPal/PromptPal/ent/history/where.go:49.37,51.2 1 0
github.com/PromptPal/PromptPal/ent/history/where.go:54.38,56.2 1 0
github.com/PromptPal/PromptPal/ent/history/where.go:59.48,61.2 1 0
github.com/PromptPal/PromptPal/ent/history/where.go:64.48,66.2 1 0
github.com/PromptPal/PromptPal/ent/history/where.go:69.42,71.2 1 0
github.com/PromptPal/PromptPal/ent/history/where.go:74.40,76.2 1 0
github.com/PromptPal/PromptPal/ent/history/where.go:79.50,81.2 1 0
github.com/PromptPal/PromptPal/ent/history/where.go:84.51,86.2 1 0
github.com/PromptPal/PromptPal/ent/history/where.go:89.54,91.2 1 0
github.com/PromptPal/PromptPal/ent/history/where.go:94.57,96.2 1 0
github.com/PromptPal/PromptPal/ent/history/where.go:99.50,101.2 1 0
github.com/PromptPal/PromptPal/ent/history/where.go:104.51,106.2 1 0
github.com/PromptPal/PromptPal/ent/history/where.go:109.50,111.2 1 0
github.com/PromptPal/PromptPal/ent/history/where.go:114.51,116.2 1 0
github.com/PromptPal/PromptPal/ent/history/where.go:119.50,121.2 1 0
github.com/PromptPal/PromptPal/ent/history/where.go:124.51,126.2 1 0
github.com/PromptPal/PromptPal/ent/history/where.go:129.54,131.2 1 0
github.com/PromptPal/PromptPal/ent/history/where.go:134.57,136.2 1 0
github.com/PromptPal/PromptPal/ent/history/where.go:139.50,141.2 1 0
github.com/PromptPal/PromptPal/ent/history/where.go:144.51,146.2 1 0
github.com/PromptPal/PromptPal/ent/history/where.go:149.50,151.2 1 0
github.com/PromptPal/PromptPal/ent/history/where.go:154.51,156.2 1 0
github.com/PromptPal/PromptPal/ent/history/where.go:159.44,161.2 1 0
github.com/PromptPal/PromptPal/ent/history/where.go:164.45,166.2 1 0
github.com/PromptPal/PromptPal/ent/history/where.go:169.48,171.2 1 0
github.com/PromptPal/PromptPal/ent/history/where.go:174.51,176.2 1 0
github.com/PromptPal/PromptPal/ent/history/where.go:179.42,181.2 1 0
github.com/PromptPal/PromptPal/ent/history/where.go:184.43,186.2 1 0
github.com/PromptPal/PromptPal/ent/history/where.go:189.46,191.2 1 0
github.com/PromptPal/PromptPal/ent/history/where.go:194.49,196.2 1 0
github.com/PromptPal/PromptPal/ent/history/where.go:199.38,200.49 1 0
github.com/PromptPal/PromptPal/ent/history/where.go:200.49,206.3 2 0
github.com/PromptPal/PromptPal/ent/history/where.go:210.65,211.49 1 0
github.com/PromptPal/PromptPal/ent/history/where.go:211.49,213.60 2 0
github.com/PromptPal/PromptPal/ent/history/where.go:213.60,214.28 1 0
github.com/PromptPal/PromptPal/ent/history/where.go:214.28,216.5 1 0
github.com/PromptPal/PromptPal/ent/history/where.go:222.36,223.49 1 0
github.com/PromptPal/PromptPal/ent/history/where.go:223.49,229.3 2 0
github.com/PromptPal/PromptPal/ent/history/where.go:233.65,234.49 1 0
github.com/PromptPal/PromptPal/ent/history/where.go:234.49,236.60 2 0
github.com/PromptPal/PromptPal/ent/history/where.go:236.60,237.28 1 0
github.com/PromptPal/PromptPal/ent/history/where.go:237.28,239.5 1 0
github.com/PromptPal/PromptPal/ent/history/where.go:245.61,247.2 1 0
github.com/PromptPal/PromptPal/ent/history/where.go:250.60,252.2 1 0
github.com/PromptPal/PromptPal/ent/history/where.go:255.49,257.2 1 0
github.com/PromptPal/PromptPal/ent/enttest/enttest.go:34.45,35.26 1 0
github.com/PromptPal/PromptPal/ent/enttest/enttest.go:35.26,37.3 1 0
github.com/PromptPal/PromptPal/ent/enttest/enttest.go:41.62,42.26 1 0
github.com/PromptPal/PromptPal/ent/enttest/enttest.go:42.26,44.3 1 0
github.com/PromptPal/PromptPal/ent/enttest/enttest.go:47.41,49.27 2 0
github.com/PromptPal/PromptPal/ent/enttest/enttest.go:49.27,51.3 1 0
github.com/PromptPal/PromptPal/ent/enttest/enttest.go:52.2,52.10 1 0
github.com/PromptPal/PromptPal/ent/enttest/enttest.go:56.86,59.16 3 0
github.com/PromptPal/PromptPal/ent/enttest/enttest.go:59.16,62.3 2 0
github.com/PromptPal/PromptPal/ent/enttest/enttest.go:63.2,64.10 2 0
github.com/PromptPal/PromptPal/ent/enttest/enttest.go:68.56,73.2 4 0
github.com/PromptPal/PromptPal/ent/enttest/enttest.go:74.59,76.16 2 0
github.com/PromptPal/PromptPal/ent/enttest/enttest.go:76.16,79.3 2 0
github.com/PromptPal/PromptPal/ent/enttest/enttest.go:80.2,80.97 1 0
github.com/PromptPal/PromptPal/ent/enttest/enttest.go:80.97,83.3 2 0
github.com/PromptPal/PromptPal/ent/activity.go:47.57,48.22 1 0
github.com/PromptPal/PromptPal/ent/activity.go:48.22,50.3 1 0
github.com/PromptPal/PromptPal/ent/activity.go:50.8,50.29 1 0
github.com/PromptPal/PromptPal/ent/activity.go:50.29,52.3 1 0
github.com/PromptPal/PromptPal/ent/activity.go:53.2,53.46 1 0
github.com/PromptPal/PromptPal/ent/activity.go:58.51,59.19 1 0
github.com/PromptPal/PromptPal/ent/activity.go:59.19,61.3 1 0
github.com/PromptPal/PromptPal/ent/activity.go:61.8,61.29 1 0
github.com/PromptPal/PromptPal/ent/activity.go:61.29,63.3 1 0
github.com/PromptPal/PromptPal/ent/activity.go:64.2,64.43 1 0
github.com/PromptPal/PromptPal/ent/activity.go:68.62,70.25 2 0
github.com/PromptPal/PromptPal/ent/activity.go:70.25,71.21 1 0
github.com/PromptPal/PromptPal/ent/activity.go:72.25,73.34 1 0
github.com/PromptPal/PromptPal/ent/activity.go:74.59,75.33 1 0
github.com/PromptPal/PromptPal/ent/activity.go:76.32,77.34 1 0
github.com/PromptPal/PromptPal/ent/activity.go:78.32,79.34 1 0
github.com/PromptPal/PromptPal/ent/activity.go:80.11,81.36 1 0
github.com/PromptPal/PromptPal/ent/activity.go:84.2,84.20 1 0
github.com/PromptPal/PromptPal/ent/activity.go:89.71,90.46 1 0
github.com/PromptPal/PromptPal/ent/activity.go:90.46,92.3 1 0
github.com/PromptPal/PromptPal/ent/activity.go:93.2,93.25 1 0
github.com/PromptPal/PromptPal/ent/activity.go:93.25,94.21 1 0
github.com/PromptPal/PromptPal/ent/activity.go:95.25,97.11 2 0
github.com/PromptPal/PromptPal/ent/activity.go:97.11,99.5 1 0
github.com/PromptPal/PromptPal/ent/activity.go:100.4,100.27 1 0
github.com/PromptPal/PromptPal/ent/activity.go:101.33,102.51 1 0
github.com/PromptPal/PromptPal/ent/activity.go:102.51,104.5 1 0
github.com/PromptPal/PromptPal/ent/activity.go:104.10,104.26 1 0
github.com/PromptPal/PromptPal/ent/activity.go:104.26,106.5 1 0
github.com/PromptPal/PromptPal/ent/activity.go:107.33,108.51 1 0
github.com/PromptPal/PromptPal/ent/activity.go:108.51,110.5 1 0
github.com/PromptPal/PromptPal/ent/activity.go:110.10,110.26 1 0
github.com/PromptPal/PromptPal/ent/activity.go:110.26,112.5 1 0
github.com/PromptPal/PromptPal/ent/activity.go:113.32,114.52 1 0
github.com/PromptPal/PromptPal/ent/activity.go:114.52,116.5 1 0
github.com/PromptPal/PromptPal/ent/activity.go:116.10,116.26 1 0
github.com/PromptPal/PromptPal/ent/activity.go:116.26,119.5 2 0
github.com/PromptPal/PromptPal/ent/activity.go:120.32,121.52 1 0
github.com/PromptPal/PromptPal/ent/activity.go:121.52,123.5 1 0
github.com/PromptPal/PromptPal/ent/activity.go:123.10,123.26 1 0
github.com/PromptPal/PromptPal/ent/activity.go:123.26,126.5 2 0
github.com/PromptPal/PromptPal/ent/activity.go:127.11,128.45 1 0
github.com/PromptPal/PromptPal/ent/activity.go:131.2,131.12 1 0
github.com/PromptPal/PromptPal/ent/activity.go:136.58,138.2 1 0
github.com/PromptPal/PromptPal/ent/activity.go:141.49,143.2 1 0
github.com/PromptPal/PromptPal/ent/activity.go:146.43,148.2 1 0
github.com/PromptPal/PromptPal/ent/activity.go:153.48,155.2 1 0
github.com/PromptPal/PromptPal/ent/activity.go:159.39,161.9 2 0
github.com/PromptPal/PromptPal/ent/activity.go:161.9,162.55 1 0
github.com/PromptPal/PromptPal/ent/activity.go:164.2,165.10 2 0
github.com/PromptPal/PromptPal/ent/activity.go:169.36,180.2 10 0
github.com/PromptPal/PromptPal/ent/activity_create.go:28.70,31.2 2 0
github.com/PromptPal/PromptPal/ent/activity_create.go:34.79,35.14 1 0
github.com/PromptPal/PromptPal/ent/activity_create.go:35.14,37.3 1 0
github.com/PromptPal/PromptPal/ent/activity_create.go:38.2,38.11 1 0
github.com/PromptPal/PromptPal/ent/activity_create.go:42.70,45.2 2 0
github.com/PromptPal/PromptPal/ent/activity_create.go:48.79,49.14 1 0
github.com/PromptPal/PromptPal/ent/activity_create.go:49.14,51.3 1 0
github.com/PromptPal/PromptPal/ent/activity_create.go:52.2,52.11 1 0
github.com/PromptPal/PromptPal/ent/activity_create.go:56.64,59.2 2 0
github.com/PromptPal/PromptPal/ent/activity_create.go:62.73,63.15 1 0
github.com/PromptPal/PromptPal/ent/activity_create.go:63.15,65.3 1 0
github.com/PromptPal/PromptPal/ent/activity_create.go:66.2,66.11 1 0
github.com/PromptPal/PromptPal/ent/activity_create.go:70.66,72.2 1 0
github.com/PromptPal/PromptPal/ent/activity_create.go:75.61,78.2 2 0
github.com/PromptPal/PromptPal/ent/activity_create.go:81.70,82.15 1 0
github.com/PromptPal/PromptPal/ent/activity_create.go:82.15,84.3 1 0
github.com/PromptPal/PromptPal/ent/activity_create.go:85.2,85.11 1 0
github.com/PromptPal/PromptPal/ent/activity_create.go:89.60,91.2 1 0
github.com/PromptPal/PromptPal/ent/activity_create.go:94.56,96.2 1 0
github.com/PromptPal/PromptPal/ent/activity_create.go:99.72,102.2 2 0
github.com/PromptPal/PromptPal/ent/activity_create.go:105.64,107.16 2 0
github.com/PromptPal/PromptPal/ent/activity_create.go:107.16,108.13 1 0
github.com/PromptPal/PromptPal/ent/activity_create.go:110.2,110.10 1 0
github.com/PromptPal/PromptPal/ent/activity_create.go:114.59,117.2 2 0
github.com/PromptPal/PromptPal/ent/activity_create.go:120.54,121.37 1 0
github.com/PromptPal/PromptPal/ent/activity_create.go:121.37,122.13 1 0
github.com/PromptPal/PromptPal/ent/activity_create.go:127.38,128.44 1 0
github.com/PromptPal/PromptPal/ent/activity_create.go:128.44,131.3 2 0
github.com/PromptPal/PromptPal/ent/activity_create.go:132.2,132.44 1 0
github.com/PromptPal/PromptPal/ent/activity_create.go:132.44,135.3 2 0
github.com/PromptPal/PromptPal/ent/activity_create.go:139.41,140.44 1 0
github.com/PromptPal/PromptPal/ent/activity_create.go:140.44,142.3 1 0
github.com/PromptPal/PromptPal/ent/activity_create.go:143.2,143.44 1 0
github.com/PromptPal/PromptPal/ent/activity_create.go:143.44,145.3 1 0
github.com/PromptPal/PromptPal/ent/activity_create.go:146.2,146.12 1 0
github.com/PromptPal/PromptPal/ent/activity_create.go:149.75,150.35 1 0
github.com/PromptPal/PromptPal/ent/activity_create.go:150.35,152.3 1 0
github.com/PromptPal/PromptPal/ent/activity_create.go:153.2,154.67 2 0
github.com/PromptPal/PromptPal/ent/activity_create.go:154.67,155.38 1 0
github.com/PromptPal/PromptPal/ent/activity_create.go:155.38,157.4 1 0
github.com/PromptPal/PromptPal/ent/activity_create.go:158.3,158.18 1 0
github.com/PromptPal/PromptPal/ent/activity_create.go:160.2,164.19 5 0
github.com/PromptPal/PromptPal/ent/activity_create.go:167.74,173.47 3 0
github.com/PromptPal/PromptPal/ent/activity_create.go:173.47,176.3 2 0
github.com/PromptPal/PromptPal/ent/activity_create.go:177.2,177.47 1 0
github.com/PromptPal/PromptPal/ent/activity_create.go:177.47,180.3 2 0
github.com/PromptPal/PromptPal/ent/activity_create.go:181.2,181.55 1 0
github.com/PromptPal/PromptPal/ent/activity_create.go:181.55,192.27 2 0
github.com/PromptPal/PromptPal/ent/activity_create.go:192.27,194.4 1 0
github.com/PromptPal/PromptPal/ent/activity_create.go:195.3,196.42 2 0
github.com/PromptPal/PromptPal/ent/activity_create.go:198.2,198.52 1 0
github.com/PromptPal/PromptPal/ent/activity_create.go:198.52,209.27 2 0
github.com/PromptPal/PromptPal/ent/activity_create.go:209.27,211.4 1 0
github.com/PromptPal/PromptPal/ent/activity_create.go:212.3,213.42 2 0
github.com/PromptPal/PromptPal/ent/activity_create.go:215.2,215.21 1 0
github.com/PromptPal/PromptPal/ent/activity_create.go:234.85,239.2 2 0
github.com/PromptPal/PromptPal/ent/activity_create.go:247.83,252.2 2 0
github.com/PromptPal/PromptPal/ent/activity_create.go:268.69,271.2 2 0
github.com/PromptPal/PromptPal/ent/activity_create.go:274.61,277.2 2 0
github.com/PromptPal/PromptPal/ent/activity_create.go:287.66,289.87 2 0
github.com/PromptPal/PromptPal/ent/activity_create.go:289.87,290.58 1 0
github.com/PromptPal/PromptPal/ent/activity_create.go:290.58,292.4 1 0
github.com/PromptPal/PromptPal/ent/activity_create.go:294.2,294.10 1 0
github.com/PromptPal/PromptPal/ent/activity_create.go:303.57,306.2 2 0
github.com/PromptPal/PromptPal/ent/activity_create.go:310.60,313.2 2 0
github.com/PromptPal/PromptPal/ent/activity_create.go:317.82,318.92 1 0
github.com/PromptPal/PromptPal/ent/activity_create.go:318.92,320.3 1 0
github.com/PromptPal/PromptPal/ent/activity_create.go:321.2,321.10 1 0
github.com/PromptPal/PromptPal/ent/activity_create.go:325.75,326.42 1 0
github.com/PromptPal/PromptPal/ent/activity_create.go:326.42,328.3 1 0
github.com/PromptPal/PromptPal/ent/activity_create.go:332.67,333.42 1 0
github.com/PromptPal/PromptPal/ent/activity_create.go:333.42,335.3 1 0
github.com/PromptPal/PromptPal/ent/activity_create.go:339.61,340.33 1 0
github.com/PromptPal/PromptPal/ent/activity_create.go:340.33,342.3 1 0
github.com/PromptPal/PromptPal/ent/activity_create.go:343.2,343.27 1 0
github.com/PromptPal/PromptPal/ent/activity_create.go:347.56,348.43 1 0
github.com/PromptPal/PromptPal/ent/activity_create.go:348.43,349.13 1 0
github.com/PromptPal/PromptPal/ent/activity_create.go:354.73,356.16 2 0
github.com/PromptPal/PromptPal/ent/activity_create.go:356.16,358.3 1 0
github.com/PromptPal/PromptPal/ent/activity_create.go:359.2,359.21 1 0
github.com/PromptPal/PromptPal/ent/activity_create.go:363.58,365.16 2 0
github.com/PromptPal/PromptPal/ent/activity_create.go:365.16,366.13 1 0
github.com/PromptPal/PromptPal/ent/activity_create.go:368.2,368.11 1 0
github.com/PromptPal/PromptPal/ent/activity_create.go:380.79,381.20 1 0
github.com/PromptPal/PromptPal/ent/activity_create.go:381.20,383.3 1 0
github.com/PromptPal/PromptPal/ent/activity_create.go:384.2,387.30 4 0
github.com/PromptPal/PromptPal/ent/activity_create.go:387.30,388.37 1 0
github.com/PromptPal/PromptPal/ent/activity_create.go:388.37,391.86 3 0
github.com/PromptPal/PromptPal/ent/activity_create.go:391.86,393.12 2 0
github.com/PromptPal/PromptPal/ent/activity_create.go:393.12,395.6 1 0
github.com/PromptPal/PromptPal/ent/activity_create.go:396.5,396.43 1 0
github.com/PromptPal/PromptPal/ent/activity_create.go:396.43,398.6 1 0
github.com/PromptPal/PromptPal/ent/activity_create.go:399.5,402.28 4 0
github.com/PromptPal/PromptPal/ent/activity_create.go:402.28,404.6 1 0
github.com/PromptPal/PromptPal/ent/activity_create.go:404.11,408.71 3 0
github.com/PromptPal/PromptPal/ent/activity_create.go:408.71,409.42 1 0
github.com/PromptPal/PromptPal/ent/activity_create.go:409.42,411.8 1 0
github.com/PromptPal/PromptPal/ent/activity_create.go:414.5,414.19 1 0
github.com/PromptPal/PromptPal/ent/activity_create.go:414.19,416.6 1 0
github.com/PromptPal/PromptPal/ent/activity_create.go:417.5,418.33 2 0
github.com/PromptPal/PromptPal/ent/activity_create.go:418.33,421.6 2 0
github.com/PromptPal/PromptPal/ent/activity_create.go:422.5,423.25 2 0
github.com/PromptPal/PromptPal/ent/activity_create.go:425.4,425.49 1 0
github.com/PromptPal/PromptPal/ent/activity_create.go:425.49,427.5 1 0
github.com/PromptPal/PromptPal/ent/activity_create.go:428.4,428.21 1 0
github.com/PromptPal/PromptPal/ent/activity_create.go:431.2,431.23 1 0
github.com/PromptPal/PromptPal/ent/activity_create.go:431.23,432.78 1 0
github.com/PromptPal/PromptPal/ent/activity_create.go:432.78,434.4 1 0
github.com/PromptPal/PromptPal/ent/activity_create.go:436.2,436.19 1 0
github.com/PromptPal/PromptPal/ent/activity_create.go:440.71,442.16 2 0
github.com/PromptPal/PromptPal/ent/activity_create.go:442.16,443.13 1 0
github.com/PromptPal/PromptPal/ent/activity_create.go:445.2,445.10 1 0
github.com/PromptPal/PromptPal/ent/activity_create.go:449.64,452.2 2 0
github.com/PromptPal/PromptPal/ent/activity_create.go:455.59,456.38 1 0
github.com/PromptPal/PromptPal/ent/activity_create.go:456.38,457.13 1 0
github.com/PromptPal/PromptPal/ent/activity_create.go:476.91,481.2 2 0
github.com/PromptPal/PromptPal/ent/activity_create.go:489.89,494.2 2 0
github.com/PromptPal/PromptPal/ent/activity_create.go:510.68,512.87 2 0
github.com/PromptPal/PromptPal/ent/activity_create.go:512.87,513.39 1 0
github.com/PromptPal/PromptPal/ent/activity_create.go:513.39,514.52 1 0
github.com/PromptPal/PromptPal/ent/activity_create.go:514.52,516.5 1 0
github.com/PromptPal/PromptPal/ent/activity_create.go:519.2,519.10 1 0
github.com/PromptPal/PromptPal/ent/activity_create.go:528.59,531.2 2 0
github.com/PromptPal/PromptPal/ent/activity_create.go:535.62,538.2 2 0
github.com/PromptPal/PromptPal/ent/activity_create.go:542.84,543.92 1 0
github.com/PromptPal/PromptPal/ent/activity_create.go:543.92,545.3 1 0
github.com/PromptPal/PromptPal/ent/activity_create.go:546.2,546.10 1 0
github.com/PromptPal/PromptPal/ent/activity_create.go:550.77,551.42 1 0
github.com/PromptPal/PromptPal/ent/activity_create.go:551.42,553.3 1 0
github.com/PromptPal/PromptPal/ent/activity_create.go:557.69,558.42 1 0
github.com/PromptPal/PromptPal/ent/activity_create.go:558.42,560.3 1 0
github.com/PromptPal/PromptPal/ent/activity_create.go:564.62,565.25 1 0
github.com/PromptPal/PromptPal/ent/activity_create.go:565.25,567.3 1 0
github.com/PromptPal/PromptPal/ent/activity_create.go:568.2,568.38 1 0
github.com/PromptPal/PromptPal/ent/activity_create.go:568.38,569.27 1 0
github.com/PromptPal/PromptPal/ent/activity_create.go:569.27,571.4 1 0
github.com/PromptPal/PromptPal/ent/activity_create.go:573.2,573.33 1 0
github.com/PromptPal/PromptPal/ent/activity_create.go:573.33,575.3 1 0
github.com/PromptPal/PromptPal/ent/activity_create.go:576.2,576.27 1 0
github.com/PromptPal/PromptPal/ent/activity_create.go:580.57,581.43 1 0
github.com/PromptPal/PromptPal/ent/activity_create.go:581.43,582.13 1 0
github.com/PromptPal/PromptPal/ent/activity_delete.go:23.75,26.2 2 0
github.com/PromptPal/PromptPal/ent/activity_delete.go:29.66,31.2 1 0
github.com/PromptPal/PromptPal/ent/activity_delete.go:34.58,36.16 2 0
github.com/PromptPal/PromptPal/ent/activity_delete.go:36.16,37.13 1 0
github.com/PromptPal/PromptPal/ent/activity_delete.go:39.2,39.10 1 0
github.com/PromptPal/PromptPal/ent/activity_delete.go:42.69,44.47 2 0
github.com/PromptPal/PromptPal/ent/activity_delete.go:44.47,45.50 1 0
github.com/PromptPal/PromptPal/ent/activity_delete.go:45.50,46.22 1 0
github.com/PromptPal/PromptPal/ent/activity_delete.go:46.22,48.5 1 0
github.com/PromptPal/PromptPal/ent/activity_delete.go:51.2,52.51 2 0
github.com/PromptPal/PromptPal/ent/activity_delete.go:52.51,54.3 1 0
github.com/PromptPal/PromptPal/ent/activity_delete.go:55.2,56.22 2 0
github.com/PromptPal/PromptPal/ent/activity_delete.go:65.82,68.2 2 0
github.com/PromptPal/PromptPal/ent/activity_delete.go:71.63,73.9 2 0
github.com/PromptPal/PromptPal/ent/activity_delete.go:74.18,75.13 1 0
github.com/PromptPal/PromptPal/ent/activity_delete.go:76.14,77.40 1 0
github.com/PromptPal/PromptPal/ent/activity_delete.go:78.10,79.13 1 0
github.com/PromptPal/PromptPal/ent/activity_delete.go:84.58,85.38 1 0
github.com/PromptPal/PromptPal/ent/activity_delete.go:85.38,86.13 1 0
github.com/PromptPal/PromptPal/ent/activity_query.go:37.73,40.2 2 0
github.com/PromptPal/PromptPal/ent/activity_query.go:43.58,46.2 2 0
github.com/PromptPal/PromptPal/ent/activity_query.go:49.60,52.2 2 0
github.com/PromptPal/PromptPal/ent/activity_query.go:56.61,59.2 2 0
github.com/PromptPal/PromptPal/ent/activity_query.go:62.74,65.2 2 0
github.com/PromptPal/PromptPal/ent/activity_query.go:68.55,70.74 2 0
github.com/PromptPal/PromptPal/ent/activity_query.go:70.74,71.46 1 0
github.com/PromptPal/PromptPal/ent/activity_query.go:71.46,73.4 1 0
github.com/PromptPal/PromptPal/ent/activity_query.go:74.3,75.40 2 0
github.com/PromptPal/PromptPal/ent/activity_query.go:75.40,77.4 1 0
github.com/PromptPal/PromptPal/ent/activity_query.go:78.3,84.20 3 0
github.com/PromptPal/PromptPal/ent/activity_query.go:86.2,86.14 1 0
github.com/PromptPal/PromptPal/ent/activity_query.go:90.49,92.74 2 0
github.com/PromptPal/PromptPal/ent/activity_query.go:92.74,93.46 1 0
github.com/PromptPal/PromptPal/ent/activity_query.go:93.46,95.4 1 0
github.com/PromptPal/PromptPal/ent/activity_query.go:96.3,97.40 2 0
github.com/PromptPal/PromptPal/ent/activity_query.go:97.40,99.4 1 0
github.com/PromptPal/PromptPal/ent/activity_query.go:100.3,106.20 3 0
github.com/PromptPal/PromptPal/ent/activity_query.go:108.2,108.14 1 0
github.com/PromptPal/PromptPal/ent/activity_query.go:113.72,115.16 2 0
github.com/PromptPal/PromptPal/ent/activity_query.go:115.16,117.3 1 0
github.com/PromptPal/PromptPal/ent/activity_query.go:118.2,118.21 1 0
github.com/PromptPal/PromptPal/ent/activity_query.go:118.21,120.3 1 0
github.com/PromptPal/PromptPal/ent/activity_query.go:121.2,121.22 1 0
github.com/PromptPal/PromptPal/ent/activity_query.go:125.64,127.36 2 0
github.com/PromptPal/PromptPal/ent/activity_query.go:127.36,128.13 1 0
github.com/PromptPal/PromptPal/ent/activity_query.go:130.2,130.13 1 0
github.com/PromptPal/PromptPal/ent/activity_query.go:135.75,137.91 2 0
github.com/PromptPal/PromptPal/ent/activity_query.go:137.91,139.3 1 0
github.com/PromptPal/PromptPal/ent/activity_query.go:140.2,140.19 1 0
github.com/PromptPal/PromptPal/ent/activity_query.go:140.19,143.3 2 0
github.com/PromptPal/PromptPal/ent/activity_query.go:144.2,144.20 1 0
github.com/PromptPal/PromptPal/ent/activity_query.go:148.60,150.36 2 0
github.com/PromptPal/PromptPal/ent/activity_query.go:150.36,151.13 1 0
github.com/PromptPal/PromptPal/ent/activity_query.go:153.2,153.11 1 0
github.com/PromptPal/PromptPal/ent/activity_query.go:159.71,161.16 2 0
github.com/PromptPal/PromptPal/ent/activity_query.go:161.16,163.3 1 0
github.com/PromptPal/PromptPal/ent/activity_query.go:164.2,164.20 1 0
github.com/PromptPal/PromptPal/ent/activity_query.go:165.9,166.23 1 0
github.com/PromptPal/PromptPal/ent/activity_query.go:167.9,168.45 1 0
github.com/PromptPal/PromptPal/ent/activity_query.go:169.10,170.48 1 0
github.com/PromptPal/PromptPal/ent/activity_query.go:175.63,177.16 2 0
github.com/PromptPal/PromptPal/ent/activity_query.go:177.16,178.13 1 0
github.com/PromptPal/PromptPal/ent/activity_query.go:180.2,180.13 1 0
github.com/PromptPal/PromptPal/ent/activity_query.go:186.74,188.90 2 0
github.com/PromptPal/PromptPal/ent/activity_query.go:188.90,190.3 1 0
github.com/PromptPal/PromptPal/ent/activity_query.go:191.2,191.18 1 0
github.com/PromptPal/PromptPal/ent/activity_query.go:192.9,193.14 1 0
github.com/PromptPal/PromptPal/ent/activity_query.go:194.9,195.39 1 0
github.com/PromptPal/PromptPal/ent/activity_query.go:196.10,197.42 1 0
github.com/PromptPal/PromptPal/ent/activity_query.go:199.2,199.8 1 0
github.com/PromptPal/PromptPal/ent/activity_query.go:203.59,205.16 2 0
github.com/PromptPal/PromptPal/ent/activity_query.go:205.16,206.13 1 0
github.com/PromptPal/PromptPal/ent/activity_query.go:208.2,208.11 1 0
github.com/PromptPal/PromptPal/ent/activity_query.go:212.72,214.45 2 0
github.com/PromptPal/PromptPal/ent/activity_query.go:214.45,216.3 1 0
github.com/PromptPal/PromptPal/ent/activity_query.go:217.2,218.62 2 0
github.com/PromptPal/PromptPal/ent/activity_query.go:222.64,224.16 2 0
github.com/PromptPal/PromptPal/ent/activity_query.go:224.16,225.13 1 0
github.com/PromptPal/PromptPal/ent/activity_query.go:227.2,227.14 1 0
github.com/PromptPal/PromptPal/ent/activity_query.go:231.74,232.44 1 0
github.com/PromptPal/PromptPal/ent/activity_query.go:232.44,234.3 1 0
github.com/PromptPal/PromptPal/ent/activity_query.go:235.2,236.67 2 0
github.com/PromptPal/PromptPal/ent/activity_query.go:236.67,238.3 1 0
github.com/PromptPal/PromptPal/ent/activity_query.go:239.2,239.17 1 0
github.com/PromptPal/PromptPal/ent/activity_query.go:243.58,245.16 2 0
github.com/PromptPal/PromptPal/ent/activity_query.go:245.16,246.13 1 0
github.com/PromptPal/PromptPal/ent/activity_query.go:248.2,248.12 1 0
github.com/PromptPal/PromptPal/ent/activity_query.go:252.66,254.45 2 0
github.com/PromptPal/PromptPal/ent/activity_query.go:254.45,256.3 1 0
github.com/PromptPal/PromptPal/ent/activity_query.go:257.2,257.82 1 0
github.com/PromptPal/PromptPal/ent/activity_query.go:261.58,263.16 2 0
github.com/PromptPal/PromptPal/ent/activity_query.go:263.16,264.13 1 0
github.com/PromptPal/PromptPal/ent/activity_query.go:266.2,266.14 1 0
github.com/PromptPal/PromptPal/ent/activity_query.go:270.67,272.36 2 0
github.com/PromptPal/PromptPal/ent/activity_query.go:273.23,274.20 1 0
github.com/PromptPal/PromptPal/ent/activity_query.go:275.18,276.60 1 0
github.com/PromptPal/PromptPal/ent/activity_query.go:277.10,278.19 1 0
github.com/PromptPal/PromptPal/ent/activity_query.go:283.59,285.16 2 0
github.com/PromptPal/PromptPal/ent/activity_query.go:285.16,286.13 1 0
github.com/PromptPal/PromptPal/ent/activity_query.go:288.2,288.14 1 0
github.com/PromptPal/PromptPal/ent/activity_query.go:293.49,294.15 1 0
github.com/PromptPal/PromptPal/ent/activity_query.go:294.15,296.3 1 0
github.com/PromptPal/PromptPal/ent/activity_query.go:297.2,309.3 1 0
github.com/PromptPal/PromptPal/ent/activity_query.go:314.82,316.27 2 0
github.com/PromptPal/PromptPal/ent/activity_query.go:316.27,318.3 1 0
github.com/PromptPal/PromptPal/ent/activity_query.go:319.2,320.11 2 0
github.com/PromptPal/PromptPal/ent/activity_query.go:325.76,327.27 2 0
github.com/PromptPal/PromptPal/ent/activity_query.go:327.27,329.3 1 0
github.com/PromptPal/PromptPal/ent/activity_query.go:330.2,331.11 2 0
github.com/PromptPal/PromptPal/ent/activity_query.go:348.83,355.2 6 0
github.com/PromptPal/PromptPal/ent/activity_query.go:369.67,375.2 5 0
github.com/PromptPal/PromptPal/ent/activity_query.go:378.74,380.2 1 0
github.com/PromptPal/PromptPal/ent/activity_query.go:382.66,383.34 1 0
github.com/PromptPal/PromptPal/ent/activity_query.go:383.34,384.19 1 0
github.com/PromptPal/PromptPal/ent/activity_query.go:384.19,386.4 1 0
github.com/PromptPal/PromptPal/ent/activity_query.go:387.3,387.39 1 0
github.com/PromptPal/PromptPal/ent/activity_query.go:387.39,388.48 1 0
github.com/PromptPal/PromptPal/ent/activity_query.go:388.48,390.5 1 0
github.com/PromptPal/PromptPal/ent/activity_query.go:393.2,393.34 1 0
github.com/PromptPal/PromptPal/ent/activity_query.go:393.34,394.31 1 0
github.com/PromptPal/PromptPal/ent/activity_query.go:394.31,396.4 1 0
github.com/PromptPal/PromptPal/ent/activity_query.go:398.2,398.20 1 0
github.com/PromptPal/PromptPal/ent/activity_query.go:398.20,400.17 2 0
github.com/PromptPal/PromptPal/ent/activity_query.go:400.17,402.4 1 0
github.com/PromptPal/PromptPal/ent/activity_query.go:403.3,403.16 1 0
github.com/PromptPal/PromptPal/ent/activity_query.go:405.2,405.12 1 0
github.com/PromptPal/PromptPal/ent/activity_query.go:408.95,418.49 2 0
github.com/PromptPal/PromptPal/ent/activity_query.go:418.49,420.3 1 0
github.com/PromptPal/PromptPal/ent/activity_query.go:421.2,421.13 1 0
github.com/PromptPal/PromptPal/ent/activity_query.go:421.13,423.3 1 0
github.com/PromptPal/PromptPal/ent/activity_query.go:424.2,424.59 1 0
github.com/PromptPal/PromptPal/ent/activity_query.go:424.59,426.3 1 0
github.com/PromptPal/PromptPal/ent/activity_query.go:427.2,427.60 1 0
github.com/PromptPal/PromptPal/ent/activity_query.go:427.60,432.3 4 0
github.com/PromptPal/PromptPal/ent/activity_query.go:433.2,433.27 1 0
github.com/PromptPal/PromptPal/ent/activity_query.go:433.27,435.3 1 0
github.com/PromptPal/PromptPal/ent/activity_query.go:436.2,436.23 1 0
github.com/PromptPal/PromptPal/ent/activity_query.go:436.23,438.3 1 0
github.com/PromptPal/PromptPal/ent/activity_query.go:439.2,439.67 1 0
github.com/PromptPal/PromptPal/ent/activity_query.go:439.67,441.3 1 0
github.com/PromptPal/PromptPal/ent/activity_query.go:442.2,442.21 1 0
github.com/PromptPal/PromptPal/ent/activity_query.go:442.21,444.3 1 0
github.com/PromptPal/PromptPal/ent/activity_query.go:445.2,445.43 1 0
github.com/PromptPal/PromptPal/ent/activity_query.go:445.43,447.34 1 0
github.com/PromptPal/PromptPal/ent/activity_query.go:447.34,447.57 1 0
github.com/PromptPal/PromptPal/ent/activity_query.go:447.71,449.4 1 0
github.com/PromptPal/PromptPal/ent/activity_query.go:451.2,451.40 1 0
github.com/PromptPal/PromptPal/ent/activity_query.go:451.40,453.31 1 0
github.com/PromptPal/PromptPal/ent/activity_query.go:453.31,453.51 1 0
github.com/PromptPal/PromptPal/ent/activity_query.go:453.65,455.4 1 0
github.com/PromptPal/PromptPal/ent/activity_query.go:457.2,457.19 1 0
github.com/PromptPal/PromptPal/ent/activity_query.go:460.161,463.23 3 0
github.com/PromptPal/PromptPal/ent/activity_query.go:463.23,464.41 1 0
github.com/PromptPal/PromptPal/ent/activity_query.go:464.41,465.12 1 0
github.com/PromptPal/PromptPal/ent/activity_query.go:467.3,468.32 2 0
github.com/PromptPal/PromptPal/ent/activity_query.go:468.32,470.4 1 0
github.com/PromptPal/PromptPal/ent/activity_query.go:471.3,471.46 1 0
github.com/PromptPal/PromptPal/ent/activity_query.go:473.2,473.19 1 0
github.com/PromptPal/PromptPal/ent/activity_query.go:473.19,475.3 1 0
github.com/PromptPal/PromptPal/ent/activity_query.go:476.2,478.16 3 0
github.com/PromptPal/PromptPal/ent/activity_query.go:478.16,480.3 1 0
github.com/PromptPal/PromptPal/ent/activity_query.go:481.2,481.30 1 0
github.com/PromptPal/PromptPal/ent/activity_query.go:481.30,483.10 2 0
github.com/PromptPal/PromptPal/ent/activity_query.go:483.10,485.4 1 0
github.com/PromptPal/PromptPal/ent/activity_query.go:486.3,486.24 1 0
github.com/PromptPal/PromptPal/ent/activity_query.go:486.24,488.4 1 0
github.com/PromptPal/PromptPal/ent/activity_query.go:490.2,490.12 1 0
github.com/PromptPal/PromptPal/ent/activity_query.go:492.152,495.23 3 0
github.com/PromptPal/PromptPal/ent/activity_query.go:495.23,496.38 1 0
github.com/PromptPal/PromptPal/ent/activity_query.go:496.38,497.12 1 0
github.com/PromptPal/PromptPal/ent/activity_query.go:499.3,500.32 2 0
github.com/PromptPal/PromptPal/ent/activity_query.go:500.32,502.4 1 0
github.com/PromptPal/PromptPal/ent/activity_query.go:503.3,503.46 1 0
github.com/PromptPal/PromptPal/ent/activity_query.go:505.2,505.19 1 0
github.com/PromptPal/PromptPal/ent/activity_query.go:505.19,507.3 1 0
github.com/PromptPal/PromptPal/ent/activity_query.go:508.2,510.16 3 0
github.com/PromptPal/PromptPal/ent/activity_query.go:510.16,512.3 1 0
github.com/PromptPal/PromptPal/ent/activity_query.go:513.2,513.30 1 0
github.com/PromptPal/PromptPal/ent/activity_query.go:513.30,515.10 2 0
github.com/PromptPal/PromptPal/ent/activity_query.go:515.10,517.4 1 0
github.com/PromptPal/PromptPal/ent/activity_query.go:518.3,518.24 1 0
github.com/PromptPal/PromptPal/ent/activity_query.go:518.24,520.4 1 0
github.com/PromptPal/PromptPal/ent/activity_query.go:522.2,522.12 1 0
github.com/PromptPal/PromptPal/ent/activity_query.go:525.69,527.27 2 0
github.com/PromptPal/PromptPal/ent/activity_query.go:527.27,529.3 1 0
github.com/PromptPal/PromptPal/ent/activity_query.go:530.2,531.28 2 0
github.com/PromptPal/PromptPal/ent/activity_query.go:531.28,533.3 1 0
github.com/PromptPal/PromptPal/ent/activity_query.go:534.2,534.51 1 0
github.com/PromptPal/PromptPal/ent/activity_query.go:537.58,540.44 3 0
github.com/PromptPal/PromptPal/ent/activity_query.go:540.44,542.3 1 0
github.com/PromptPal/PromptPal/ent/activity_query.go:542.8,542.27 1 0
github.com/PromptPal/PromptPal/ent/activity_query.go:542.27,544.3 1 0
github.com/PromptPal/PromptPal/ent/activity_query.go:545.2,545.46 1 0
github.com/PromptPal/PromptPal/ent/activity_query.go:545.46,548.25 3 0
github.com/PromptPal/PromptPal/ent/activity_query.go:548.25,549.37 1 0
github.com/PromptPal/PromptPal/ent/activity_query.go:549.37,551.5 1 0
github.com/PromptPal/PromptPal/ent/activity_query.go:554.2,554.38 1 0
github.com/PromptPal/PromptPal/ent/activity_query.go:554.38,555.50 1 0
github.com/PromptPal/PromptPal/ent/activity_query.go:555.50,556.22 1 0
github.com/PromptPal/PromptPal/ent/activity_query.go:556.22,558.5 1 0
github.com/PromptPal/PromptPal/ent/activity_query.go:561.2,561.41 1 0
github.com/PromptPal/PromptPal/ent/activity_query.go:561.41,563.3 1 0
github.com/PromptPal/PromptPal/ent/activity_query.go:564.2,564.44 1 0
github.com/PromptPal/PromptPal/ent/activity_query.go:564.44,566.3 1 0
github.com/PromptPal/PromptPal/ent/activity_query.go:567.2,567.33 1 0
github.com/PromptPal/PromptPal/ent/activity_query.go:567.33,568.46 1 0
github.com/PromptPal/PromptPal/ent/activity_query.go:568.46,569.22 1 0
github.com/PromptPal/PromptPal/ent/activity_query.go:569.22,571.5 1 0
github.com/PromptPal/PromptPal/ent/activity_query.go:574.2,574.14 1 0
github.com/PromptPal/PromptPal/ent/activity_query.go:577.70,581.23 4 0
github.com/PromptPal/PromptPal/ent/activity_query.go:581.23,583.3 1 0
github.com/PromptPal/PromptPal/ent/activity_query.go:584.2,585.19 2 0
github.com/PromptPal/PromptPal/ent/activity_query.go:585.19,588.3 2 0
github.com/PromptPal/PromptPal/ent/activity_query.go:589.2,589.44 1 0
github.com/PromptPal/PromptPal/ent/activity_query.go:589.44,591.3 1 0
github.com/PromptPal/PromptPal/ent/activity_query.go:592.2,592.33 1 0
github.com/PromptPal/PromptPal/ent/activity_query.go:592.33,594.3 1 0
github.com/PromptPal/PromptPal/ent/activity_query.go:595.2,595.34 1 0
github.com/PromptPal/PromptPal/ent/activity_query.go:595.34,597.3 1 0
github.com/PromptPal/PromptPal/ent/activity_query.go:598.2,598.29 1 0
github.com/PromptPal/PromptPal/ent/activity_query.go:598.29,600.3 1 0
github.com/PromptPal/PromptPal/ent/activity_query.go:601.2,601.44 1 0
github.com/PromptPal/PromptPal/ent/activity_query.go:601.44,605.3 1 0
github.com/PromptPal/PromptPal/ent/activity_query.go:606.2,606.41 1 0
github.com/PromptPal/PromptPal/ent/activity_query.go:606.41,608.3 1 0
github.com/PromptPal/PromptPal/ent/activity_query.go:609.2,609.17 1 0
github.com/PromptPal/PromptPal/ent/activity_query.go:613.85,616.2 2 0
github.com/PromptPal/PromptPal/ent/activity_query.go:625.78,628.2 2 0
github.com/PromptPal/PromptPal/ent/activity_query.go:631.68,633.52 2 0
github.com/PromptPal/PromptPal/ent/activity_query.go:633.52,635.3 1 0
github.com/PromptPal/PromptPal/ent/activity_query.go:636.2,636.105 1 0
github.com/PromptPal/PromptPal/ent/activity_query.go:639.92,642.29 3 0
github.com/PromptPal/PromptPal/ent/activity_query.go:642.29,644.3 1 0
github.com/PromptPal/PromptPal/ent/activity_query.go:645.2,645.42 1 0
github.com/PromptPal/PromptPal/ent/activity_query.go:645.42,647.31 2 0
github.com/PromptPal/PromptPal/ent/activity_query.go:647.31,649.4 1 0
github.com/PromptPal/PromptPal/ent/activity_query.go:650.3,651.30 2 0
github.com/PromptPal/PromptPal/ent/activity_query.go:653.2,654.39 2 0
github.com/PromptPal/PromptPal/ent/activity_query.go:654.39,656.3 1 0
github.com/PromptPal/PromptPal/ent/activity_query.go:657.2,659.71 3 0
github.com/PromptPal/PromptPal/ent/activity_query.go:659.71,661.3 1 0
github.com/PromptPal/PromptPal/ent/activity_query.go:662.2,663.31 2 0
github.com/PromptPal/PromptPal/ent/activity_query.go:673.75,676.2 2 0
github.com/PromptPal/PromptPal/ent/activity_query.go:679.66,681.45 2 0
github.com/PromptPal/PromptPal/ent/activity_query.go:681.45,683.3 1 0
github.com/PromptPal/PromptPal/ent/activity_query.go:684.2,684.103 1 0
github.com/PromptPal/PromptPal/ent/activity_query.go:687.90,690.28 3 0
github.com/PromptPal/PromptPal/ent/activity_query.go:690.28,692.3 1 0
github.com/PromptPal/PromptPal/ent/activity_query.go:693.2,693.38 1 0
github.com/PromptPal/PromptPal/ent/activity_query.go:694.38,695.34 1 0
github.com/PromptPal/PromptPal/ent/activity_query.go:696.38,697.40 1 0
github.com/PromptPal/PromptPal/ent/activity_query.go:699.2,701.64 3 0
github.com/PromptPal/PromptPal/ent/activity_query.go:701.64,703.3 1 0
github.com/PromptPal/PromptPal/ent/activity_query.go:704.2,705.31 2 0
github.com/PromptPal/PromptPal/ent/activity_query.go:709.86,712.2 2 0
github.com/PromptPal/PromptPal/ent/activity_update.go:29.75,32.2 2 0
github.com/PromptPal/PromptPal/ent/activity_update.go:35.70,38.2 2 0
github.com/PromptPal/PromptPal/ent/activity_update.go:41.64,44.2 2 0
github.com/PromptPal/PromptPal/ent/activity_update.go:47.73,48.15 1 0
github.com/PromptPal/PromptPal/ent/activity_update.go:48.15,50.3 1 0
github.com/PromptPal/PromptPal/ent/activity_update.go:51.2,51.11 1 0
github.com/PromptPal/PromptPal/ent/activity_update.go:55.66,57.2 1 0
github.com/PromptPal/PromptPal/ent/activity_update.go:60.61,63.2 2 0
github.com/PromptPal/PromptPal/ent/activity_update.go:66.70,67.15 1 0
github.com/PromptPal/PromptPal/ent/activity_update.go:67.15,69.3 1 0
github.com/PromptPal/PromptPal/ent/activity_update.go:70.2,70.11 1 0
github.com/PromptPal/PromptPal/ent/activity_update.go:74.60,76.2 1 0
github.com/PromptPal/PromptPal/ent/activity_update.go:79.56,81.2 1 0
github.com/PromptPal/PromptPal/ent/activity_update.go:84.58,87.2 2 0
github.com/PromptPal/PromptPal/ent/activity_update.go:90.55,93.2 2 0
github.com/PromptPal/PromptPal/ent/activity_update.go:96.66,99.2 2 0
github.com/PromptPal/PromptPal/ent/activity_update.go:102.58,104.16 2 0
github.com/PromptPal/PromptPal/ent/activity_update.go:104.16,105.13 1 0
github.com/PromptPal/PromptPal/ent/activity_update.go:107.2,107.17 1 0
github.com/PromptPal/PromptPal/ent/activity_update.go:111.59,114.2 2 0
github.com/PromptPal/PromptPal/ent/activity_update.go:117.54,118.37 1 0
github.com/PromptPal/PromptPal/ent/activity_update.go:118.37,119.13 1 0
github.com/PromptPal/PromptPal/ent/activity_update.go:124.38,125.44 1 0
github.com/PromptPal/PromptPal/ent/activity_update.go:125.44,128.3 2 0
github.com/PromptPal/PromptPal/ent/activity_update.go:132.91,135.2 2 0
github.com/PromptPal/PromptPal/ent/activity_update.go:137.75,139.47 2 0
github.com/PromptPal/PromptPal/ent/activity_update.go:139.47,140.50 1 0
github.com/PromptPal/PromptPal/ent/activity_update.go:140.50,141.22 1 0
github.com/PromptPal/PromptPal/ent/activity_update.go:141.22,143.5 1 0
github.com/PromptPal/PromptPal/ent/activity_update.go:146.2,146.47 1 0
github.com/PromptPal/PromptPal/ent/activity_update.go:146.47,148.3 1 0
github.com/PromptPal/PromptPal/ent/activity_update.go:149.2,149.34 1 0
github.com/PromptPal/PromptPal/ent/activity_update.go:149.34,161.3 2 0
github.com/PromptPal/PromptPal/ent/activity_update.go:162.2,162.55 1 0
github.com/PromptPal/PromptPal/ent/activity_update.go:162.55,173.27 2 0
github.com/PromptPal/PromptPal/ent/activity_update.go:173.27,175.4 1 0
github.com/PromptPal/PromptPal/ent/activity_update.go:176.3,176.50 1 0
github.com/PromptPal/PromptPal/ent/activity_update.go:178.2,178.31 1 0
github.com/PromptPal/PromptPal/ent/activity_update.go:178.31,190.3 2 0
github.com/PromptPal/PromptPal/ent/activity_update.go:191.2,191.52 1 0
github.com/PromptPal/PromptPal/ent/activity_update.go:191.52,202.27 2 0
github.com/PromptPal/PromptPal/ent/activity_update.go:202.27,204.4 1 0
github.com/PromptPal/PromptPal/ent/activity_update.go:205.3,205.50 1 0
github.com/PromptPal/PromptPal/ent/activity_update.go:207.2,208.70 2 0
github.com/PromptPal/PromptPal/ent/activity_update.go:208.70,209.49 1 0
github.com/PromptPal/PromptPal/ent/activity_update.go:209.49,211.4 1 0
github.com/PromptPal/PromptPal/ent/activity_update.go:211.9,211.45 1 0
github.com/PromptPal/PromptPal/ent/activity_update.go:211.45,213.4 1 0
github.com/PromptPal/PromptPal/ent/activity_update.go:214.3,214.16 1 0
github.com/PromptPal/PromptPal/ent/activity_update.go:216.2,217.15 2 0
github.com/PromptPal/PromptPal/ent/activity_update.go:230.77,233.2 2 0
github.com/PromptPal/PromptPal/ent/activity_update.go:236.71,239.2 2 0
github.com/PromptPal/PromptPal/ent/activity_update.go:242.80,243.15 1 0
github.com/PromptPal/PromptPal/ent/activity_update.go:243.15,245.3 1 0
github.com/PromptPal/PromptPal/ent/activity_update.go:246.2,246.12 1 0
github.com/PromptPal/PromptPal/ent/activity_update.go:250.73,252.2 1 0
github.com/PromptPal/PromptPal/ent/activity_update.go:255.68,258.2 2 0
github.com/PromptPal/PromptPal/ent/activity_update.go:261.77,262.15 1 0
github.com/PromptPal/PromptPal/ent/activity_update.go:262.15,264.3 1 0
github.com/PromptPal/PromptPal/ent/activity_update.go:265.2,265.12 1 0
github.com/PromptPal/PromptPal/ent/activity_update.go:269.67,271.2 1 0
github.com/PromptPal/PromptPal/ent/activity_update.go:274.60,276.2 1 0
github.com/PromptPal/PromptPal/ent/activity_update.go:279.65,282.2 2 0
github.com/PromptPal/PromptPal/ent/activity_update.go:285.62,288.2 2 0
github.com/PromptPal/PromptPal/ent/activity_update.go:291.82,294.2 2 0
github.com/PromptPal/PromptPal/ent/activity_update.go:298.89,301.2 2 0
github.com/PromptPal/PromptPal/ent/activity_update.go:304.76,307.2 2 0
github.com/PromptPal/PromptPal/ent/activity_update.go:310.68,312.16 2 0
github.com/PromptPal/PromptPal/ent/activity_update.go:312.16,313.13 1 0
github.com/PromptPal/PromptPal/ent/activity_update.go:315.2,315.13 1 0
github.com/PromptPal/PromptPal/ent/activity_update.go:319.63,322.2 2 0
github.com/PromptPal/PromptPal/ent/activity_update.go:325.58,326.38 1 0
github.com/PromptPal/PromptPal/ent/activity_update.go:326.38,327.13 1 0
github.com/PromptPal/PromptPal/ent/activity_update.go:332.42,333.45 1 0
github.com/PromptPal/PromptPal/ent/activity_update.go:333.45,336.3 2 0
github.com/PromptPal/PromptPal/ent/activity_update.go:340.98,343.2 2 0
github.com/PromptPal/PromptPal/ent/activity_update.go:345.89,348.9 3 0
github.com/PromptPal/PromptPal/ent/activity_update.go:348.9,350.3 1 0
github.com/PromptPal/PromptPal/ent/activity_update.go:351.2,352.43 2 0
github.com/PromptPal/PromptPal/ent/activity_update.go:352.43,355.28 3 0
github.com/PromptPal/PromptPal/ent/activity_update.go:355.28,356.32 1 0
github.com/PromptPal/PromptPal/ent/activity_update.go:356.32,358.5 1 0
github.com/PromptPal/PromptPal/ent/activity_update.go:359.4,359.29 1 0
github.com/PromptPal/PromptPal/ent/activity_update.go:359.29,361.5 1 0
github.com/PromptPal/PromptPal/ent/activity_update.go:364.2,364.48 1 0
github.com/PromptPal/PromptPal/ent/activity_update.go:364.48,365.50 1 0
github.com/PromptPal/PromptPal/ent/activity_update.go:365.50,366.22 1 0
github.com/PromptPal/PromptPal/ent/activity_update.go:366.22,368.5 1 0
github.com/PromptPal/PromptPal/ent/activity_update.go:371.2,371.48 1 0
github.com/PromptPal/PromptPal/ent/activity_update.go:371.48,373.3 1 0
github.com/PromptPal/PromptPal/ent/activity_update.go:374.2,374.35 1 0
github.com/PromptPal/PromptPal/ent/activity_update.go:374.35,386.3 2 0
github.com/PromptPal/PromptPal/ent/activity_update.go:387.2,387.56 1 0
github.com/PromptPal/PromptPal/ent/activity_update.go:387.56,398.27 2 0
github.com/PromptPal/PromptPal/ent/activity_update.go:398.27,400.4 1 0
github.com/PromptPal/PromptPal/ent/activity_update.go:401.3,401.50 1 0
github.com/PromptPal/PromptPal/ent/activity_update.go:403.2,403.32 1 0
github.com/PromptPal/PromptPal/ent/activity_update.go:403.32,415.3 2 0
github.com/PromptPal/PromptPal/ent/activity_update.go:416.2,416.53 1 0
github.com/PromptPal/PromptPal/ent/activity_update.go:416.53,427.27 2 0
github.com/PromptPal/PromptPal/ent/activity_update.go:427.27,429.4 1 0
github.com/PromptPal/PromptPal/ent/activity_update.go:430.3,430.50 1 0
github.com/PromptPal/PromptPal/ent/activity_update.go:432.2,436.67 5 0
github.com/PromptPal/PromptPal/ent/activity_update.go:436.67,437.49 1 0
github.com/PromptPal/PromptPal/ent/activity_update.go:437.49,439.4 1 0
github.com/PromptPal/PromptPal/ent/activity_update.go:439.9,439.45 1 0
github.com/PromptPal/PromptPal/ent/activity_update.go:439.45,441.4 1 0
github.com/PromptPal/PromptPal/ent/activity_update.go:442.3,442.18 1 0
github.com/PromptPal/PromptPal/ent/activity_update.go:444.2,445.19 2 0
github.com/PromptPal/PromptPal/ent/client.go:52.40,56.2 3 0
github.com/PromptPal/PromptPal/ent/client.go:58.25,68.2 9 0
github.com/PromptPal/PromptPal/ent/client.go:89.39,93.2 3 0
github.com/PromptPal/PromptPal/ent/client.go:96.42,97.27 1 0
github.com/PromptPal/PromptPal/ent/client.go:97.27,99.3 1 0
github.com/PromptPal/PromptPal/ent/client.go:100.2,100.13 1 0
github.com/PromptPal/PromptPal/ent/client.go:100.13,102.3 1 0
github.com/PromptPal/PromptPal/ent/client.go:106.21,107.25 1 0
github.com/PromptPal/PromptPal/ent/client.go:107.25,109.3 1 0
github.com/PromptPal/PromptPal/ent/client.go:113.34,114.25 1 0
github.com/PromptPal/PromptPal/ent/client.go:114.25,116.3 1 0
github.com/PromptPal/PromptPal/ent/client.go:120.43,121.25 1 0
github.com/PromptPal/PromptPal/ent/client.go:121.25,123.3 1 0
github.com/PromptPal/PromptPal/ent/client.go:129.82,130.20 1 0
github.com/PromptPal/PromptPal/ent/client.go:131.55,133.17 2 0
github.com/PromptPal/PromptPal/ent/client.go:133.17,135.4 1 0
github.com/PromptPal/PromptPal/ent/client.go:136.3,136.57 1 0
github.com/PromptPal/PromptPal/ent/client.go:137.10,138.63 1 0
github.com/PromptPal/PromptPal/ent/client.go:147.55,148.39 1 0
github.com/PromptPal/PromptPal/ent/client.go:148.39,150.3 1 0
github.com/PromptPal/PromptPal/ent/client.go:151.2,152.16 2 0
github.com/PromptPal/PromptPal/ent/client.go:152.16,154.3 1 0
github.com/PromptPal/PromptPal/ent/client.go:155.2,168.8 3 0
github.com/PromptPal/PromptPal/ent/client.go:172.81,173.39 1 0
github.com/PromptPal/PromptPal/ent/client.go:173.39,175.3 1 0
github.com/PromptPal/PromptPal/ent/client.go:176.2,179.16 2 0
github.com/PromptPal/PromptPal/ent/client.go:179.16,181.3 1 0
github.com/PromptPal/PromptPal/ent/client.go:182.2,195.8 3 0
github.com/PromptPal/PromptPal/ent/client.go:204.34,205.13 1 0
github.com/PromptPal/PromptPal/ent/client.go:205.13,207.3 1 0
github.com/PromptPal/PromptPal/ent/client.go:208.2,212.15 5 0
github.com/PromptPal/PromptPal/ent/client.go:216.32,218.2 1 0
github.com/PromptPal/PromptPal/ent/client.go:222.37,226.4 1 0
github.com/PromptPal/PromptPal/ent/client.go:226.4,228.3 1 0
github.com/PromptPal/PromptPal/ent/client.go:233.57,237.4 1 0
github.com/PromptPal/PromptPal/ent/client.go:237.4,239.3 1 0
github.com/PromptPal/PromptPal/ent/client.go:243.73,244.23 1 0
github.com/PromptPal/PromptPal/ent/client.go:245.25,246.35 1 0
github.com/PromptPal/PromptPal/ent/client.go:247.24,248.34 1 0
github.com/PromptPal/PromptPal/ent/client.go:249.26,250.36 1 0
github.com/PromptPal/PromptPal/ent/client.go:251.24,252.34 1 0
github.com/PromptPal/PromptPal/ent/client.go:253.23,254.33 1 0
github.com/PromptPal/PromptPal/ent/client.go:255.27,256.37 1 0
github.com/PromptPal/PromptPal/ent/client.go:257.25,258.35 1 0
github.com/PromptPal/PromptPal/ent/client.go:259.21,260.31 1 0
github.com/PromptPal/PromptPal/ent/client.go:261.10,262.61 1 0
github.com/PromptPal/PromptPal/ent/client.go:272.50,274.2 1 0
github.com/PromptPal/PromptPal/ent/client.go:278.45,280.2 1 0
github.com/PromptPal/PromptPal/ent/client.go:284.65,286.2 1 0
github.com/PromptPal/PromptPal/ent/client.go:289.51,292.2 2 0
github.com/PromptPal/PromptPal/ent/client.go:295.86,297.2 1 0
github.com/PromptPal/PromptPal/ent/client.go:301.107,303.32 2 0
github.com/PromptPal/PromptPal/ent/client.go:303.32,305.3 1 0
github.com/PromptPal/PromptPal/ent/client.go:306.2,307.32 2 0
github.com/PromptPal/PromptPal/ent/client.go:307.32,310.3 2 0
github.com/PromptPal/PromptPal/ent/client.go:311.2,311.66 1 0
github.com/PromptPal/PromptPal/ent/client.go:315.51,318.2 2 0
github.com/PromptPal/PromptPal/ent/client.go:321.68,324.2 2 0
github.com/PromptPal/PromptPal/ent/client.go:327.65,330.2 2 0
github.com/PromptPal/PromptPal/ent/client.go:333.51,336.2 2 0
github.com/PromptPal/PromptPal/ent/client.go:339.68,341.2 1 0
github.com/PromptPal/PromptPal/ent/client.go:344.65,349.2 4 0
github.com/PromptPal/PromptPal/ent/client.go:352.49,358.2 1 0
github.com/PromptPal/PromptPal/ent/client.go:361.78,363.2 1 0
github.com/PromptPal/PromptPal/ent/client.go:366.70,368.16 2 0
github.com/PromptPal/PromptPal/ent/client.go:368.16,369.13 1 0
github.com/PromptPal/PromptPal/ent/client.go:371.2,371.12 1 0
github.com/PromptPal/PromptPal/ent/client.go:375.66,377.68 2 0
github.com/PromptPal/PromptPal/ent/client.go:377.68,386.3 4 0
github.com/PromptPal/PromptPal/ent/client.go:387.2,387.14 1 0
github.com/PromptPal/PromptPal/ent/client.go:391.60,393.68 2 0
github.com/PromptPal/PromptPal/ent/client.go:393.68,402.3 4 0
github.com/PromptPal/PromptPal/ent/client.go:403.2,403.14 1 0
github.com/PromptPal/PromptPal/ent/client.go:407.41,409.2 1 0
github.com/PromptPal/PromptPal/ent/client.go:412.55,414.2 1 0
github.com/PromptPal/PromptPal/ent/client.go:416.90,417.16 1 0
github.com/PromptPal/PromptPal/ent/client.go:418.16,419.86 1 0
github.com/PromptPal/PromptPal/ent/client.go:420.16,421.86 1 0
github.com/PromptPal/PromptPal/ent/client.go:422.19,423.89 1 0
github.com/PromptPal/PromptPal/ent/client.go:424.29,425.86 1 0
github.com/PromptPal/PromptPal/ent/client.go:426.10,427.74 1 0
github.com/PromptPal/PromptPal/ent/client.go:437.48,439.2 1 0
github.com/PromptPal/PromptPal/ent/client.go:443.44,445.2 1 0
github.com/PromptPal/PromptPal/ent/client.go:449.64,451.2 1 0
github.com/PromptPal/PromptPal/ent/client.go:454.49,457.2 2 0
github.com/PromptPal/PromptPal/ent/client.go:460.83,462.2 1 0
github.com/PromptPal/PromptPal/ent/client.go:466.104,468.32 2 0
github.com/PromptPal/PromptPal/ent/client.go:468.32,470.3 1 0
github.com/PromptPal/PromptPal/ent/client.go:471.2,472.32 2 0
github.com/PromptPal/PromptPal/ent/client.go:472.32,475.3 2 0
github.com/PromptPal/PromptPal/ent/client.go:476.2,476.65 1 0
github.com/PromptPal/PromptPal/ent/client.go:480.49,483.2 2 0
github.com/PromptPal/PromptPal/ent/client.go:486.65,489.2 2 0
github.com/PromptPal/PromptPal/ent/client.go:492.63,495.2 2 0
github.com/PromptPal/PromptPal/ent/client.go:498.49,501.2 2 0
github.com/PromptPal/PromptPal/ent/client.go:504.65,506.2 1 0
github.com/PromptPal/PromptPal/ent/client.go:509.63,514.2 4 0
github.com/PromptPal/PromptPal/ent/client.go:517.47,523.2 1 0
github.com/PromptPal/PromptPal/ent/client.go:526.76,528.2 1 0
github.com/PromptPal/PromptPal/ent/client.go:531.68,533.16 2 0
github.com/PromptPal/PromptPal/ent/client.go:533.16,534.13 1 0
github.com/PromptPal/PromptPal/ent/client.go:536.2,536.12 1 0
github.com/PromptPal/PromptPal/ent/client.go:540.62,542.68 2 0
github.com/PromptPal/PromptPal/ent/client.go:542.68,551.3 4 0
github.com/PromptPal/PromptPal/ent/client.go:552.2,552.14 1 0
github.com/PromptPal/PromptPal/ent/client.go:556.62,558.68 2 0
github.com/PromptPal/PromptPal/ent/client.go:558.68,567.3 4 0
github.com/PromptPal/PromptPal/ent/client.go:568.2,568.14 1 0
github.com/PromptPal/PromptPal/ent/client.go:572.40,574.2 1 0
github.com/PromptPal/PromptPal/ent/client.go:577.54,579.2 1 0
github.com/PromptPal/PromptPal/ent/client.go:581.88,582.16 1 0
github.com/PromptPal/PromptPal/ent/client.go:583.16,584.85 1 0
github.com/PromptPal/PromptPal/ent/client.go:585.16,586.85 1 0
github.com/PromptPal/PromptPal/ent/client.go:587.19,588.88 1 0
github.com/PromptPal/PromptPal/ent/client.go:589.29,590.85 1 0
github.com/PromptPal/PromptPal/ent/client.go:591.10,592.73 1 0
github.com/PromptPal/PromptPal/ent/client.go:602.52,604.2 1 0
github.com/PromptPal/PromptPal/ent/client.go:608.46,610.2 1 0
github.com/PromptPal/PromptPal/ent/client.go:614.66,616.2 1 0
github.com/PromptPal/PromptPal/ent/client.go:619.53,622.2 2 0
github.com/PromptPal/PromptPal/ent/client.go:625.89,627.2 1 0
github.com/PromptPal/PromptPal/ent/client.go:631.110,633.32 2 0
github.com/PromptPal/PromptPal/ent/client.go:633.32,635.3 1 0
github.com/PromptPal/PromptPal/ent/client.go:636.2,637.32 2 0
github.com/PromptPal/PromptPal/ent/client.go:637.32,640.3 2 0
github.com/PromptPal/PromptPal/ent/client.go:641.2,641.67 1 0
github.com/PromptPal/PromptPal/ent/client.go:645.53,648.2 2 0
github.com/PromptPal/PromptPal/ent/client.go:651.72,654.2 2 0
github.com/PromptPal/PromptPal/ent/client.go:657.67,660.2 2 0
github.com/PromptPal/PromptPal/ent/client.go:663.53,666.2 2 0
github.com/PromptPal/PromptPal/ent/client.go:669.72,671.2 1 0
github.com/PromptPal/PromptPal/ent/client.go:674.67,679.2 4 0
github.com/PromptPal/PromptPal/ent/client.go:682.51,688.2 1 0
github.com/PromptPal/PromptPal/ent/client.go:691.80,693.2 1 0
github.com/PromptPal/PromptPal/ent/client.go:696.72,698.16 2 0
github.com/PromptPal/PromptPal/ent/client.go:698.16,699.13 1 0
github.com/PromptPal/PromptPal/ent/client.go:701.2,701.12 1 0
github.com/PromptPal/PromptPal/ent/client.go:705.69,707.68 2 0
github.com/PromptPal/PromptPal/ent/client.go:707.68,716.3 4 0
github.com/PromptPal/PromptPal/ent/client.go:717.2,717.14 1 0
github.com/PromptPal/PromptPal/ent/client.go:721.63,723.68 2 0
github.com/PromptPal/PromptPal/ent/client.go:723.68,732.3 4 0
github.com/PromptPal/PromptPal/ent/client.go:733.2,733.14 1 0
github.com/PromptPal/PromptPal/ent/client.go:737.42,739.2 1 0
github.com/PromptPal/PromptPal/ent/client.go:742.56,744.2 1 0
github.com/PromptPal/PromptPal/ent/client.go:746.92,747.16 1 0
github.com/PromptPal/PromptPal/ent/client.go:748.16,749.87 1 0
github.com/PromptPal/PromptPal/ent/client.go:750.16,751.87 1 0
github.com/PromptPal/PromptPal/ent/client.go:752.19,753.90 1 0
github.com/PromptPal/PromptPal/ent/client.go:754.29,755.87 1 0
github.com/PromptPal/PromptPal/ent/client.go:756.10,757.75 1 0
github.com/PromptPal/PromptPal/ent/client.go:767.48,769.2 1 0
github.com/PromptPal/PromptPal/ent/client.go:773.44,775.2 1 0
github.com/PromptPal/PromptPal/ent/client.go:779.64,781.2 1 0
github.com/PromptPal/PromptPal/ent/client.go:784.49,787.2 2 0
github.com/PromptPal/PromptPal/ent/client.go:790.83,792.2 1 0
github.com/PromptPal/PromptPal/ent/client.go:796.104,798.32 2 0
github.com/PromptPal/PromptPal/ent/client.go:798.32,800.3 1 0
github.com/PromptPal/PromptPal/ent/client.go:801.2,802.32 2 0
github.com/PromptPal/PromptPal/ent/client.go:802.32,805.3 2 0
github.com/PromptPal/PromptPal/ent/client.go:806.2,806.65 1 0
github.com/PromptPal/PromptPal/ent/client.go:810.49,813.2 2 0
github.com/PromptPal/PromptPal/ent/client.go:816.66,819.2 2 0
github.com/PromptPal/PromptPal/ent/client.go:822.63,825.2 2 0
github.com/PromptPal/PromptPal/ent/client.go:828.49,831.2 2 0
github.com/PromptPal/PromptPal/ent/client.go:834.66,836.2 1 0
github.com/PromptPal/PromptPal/ent/client.go:839.63,844.2 4 0
github.com/PromptPal/PromptPal/ent/client.go:847.47,853.2 1 0
github.com/PromptPal/PromptPal/ent/client.go:856.76,858.2 1 0
github.com/PromptPal/PromptPal/ent/client.go:861.68,863.16 2 0
github.com/PromptPal/PromptPal/ent/client.go:863.16,864.13 1 0
github.com/PromptPal/PromptPal/ent/client.go:866.2,866.12 1 0
github.com/PromptPal/PromptPal/ent/client.go:870.62,872.68 2 0
github.com/PromptPal/PromptPal/ent/client.go:872.68,881.3 4 0
github.com/PromptPal/PromptPal/ent/client.go:882.2,882.14 1 0
github.com/PromptPal/PromptPal/ent/client.go:886.64,888.68 2 0
github.com/PromptPal/PromptPal/ent/client.go:888.68,897.3 4 0
github.com/PromptPal/PromptPal/ent/client.go:898.2,898.14 1 0
github.com/PromptPal/PromptPal/ent/client.go:902.69,904.68 2 0
github.com/PromptPal/PromptPal/ent/client.go:904.68,913.3 4 0
github.com/PromptPal/PromptPal/ent/client.go:914.2,914.14 1 0
github.com/PromptPal/PromptPal/ent/client.go:918.70,920.68 2 0
github.com/PromptPal/PromptPal/ent/client.go:920.68,929.3 4 0
github.com/PromptPal/PromptPal/ent/client.go:930.2,930.14 1 0
github.com/PromptPal/PromptPal/ent/client.go:934.66,936.68 2 0
github.com/PromptPal/PromptPal/ent/client.go:936.68,945.3 4 0
github.com/PromptPal/PromptPal/ent/client.go:946.2,946.14 1 0
github.com/PromptPal/PromptPal/ent/client.go:950.67,952.68 2 0
github.com/PromptPal/PromptPal/ent/client.go:952.68,961.3 4 0
github.com/PromptPal/PromptPal/ent/client.go:962.2,962.14 1 0
github.com/PromptPal/PromptPal/ent/client.go:966.40,968.2 1 0
github.com/PromptPal/PromptPal/ent/client.go:971.54,973.2 1 0
github.com/PromptPal/PromptPal/ent/client.go:975.88,976.16 1 0
github.com/PromptPal/PromptPal/ent/client.go:977.16,978.85 1 0
github.com/PromptPal/PromptPal/ent/client.go:979.16,980.85 1 0
github.com/PromptPal/PromptPal/ent/client.go:981.19,982.88 1 0
github.com/PromptPal/PromptPal/ent/client.go:983.29,984.85 1 0
github.com/PromptPal/PromptPal/ent/client.go:985.10,986.73 1 0
github.com/PromptPal/PromptPal/ent/client.go:996.46,998.2 1 0
github.com/PromptPal/PromptPal/ent/client.go:1002.43,1004.2 1 0
github.com/PromptPal/PromptPal/ent/client.go:1008.63,1010.2 1 0
github.com/PromptPal/PromptPal/ent/client.go:1013.47,1016.2 2 0
github.com/PromptPal/PromptPal/ent/client.go:1019.80,1021.2 1 0
github.com/PromptPal/PromptPal/ent/client.go:1025.101,1027.32 2 0
github.com/PromptPal/PromptPal/ent/client.go:1027.32,1029.3 1 0
github.com/PromptPal/PromptPal/ent/client.go:1030.2,1031.32 2 0
github.com/PromptPal/PromptPal/ent/client.go:1031.32,1034.3 2 0
github.com/PromptPal/PromptPal/ent/client.go:1035.2,1035.64 1 0
github.com/PromptPal/PromptPal/ent/client.go:1039.47,1042.2 2 0
github.com/PromptPal/PromptPal/ent/client.go:1045.63,1048.2 2 0
github.com/PromptPal/PromptPal/ent/client.go:1051.61,1054.2 2 0
github.com/PromptPal/PromptPal/ent/client.go:1057.47,1060.2 2 0
github.com/PromptPal/PromptPal/ent/client.go:1063.63,1065.2 1 0
github.com/PromptPal/PromptPal/ent/client.go:1068.61,1073.2 4 0
github.com/PromptPal/PromptPal/ent/client.go:1076.45,1082.2 1 0
github.com/PromptPal/PromptPal/ent/client.go:1085.74,1087.2 1 0
github.com/PromptPal/PromptPal/ent/client.go:1090.66,1092.16 2 0
github.com/PromptPal/PromptPal/ent/client.go:1092.16,1093.13 1 0
github.com/PromptPal/PromptPal/ent/client.go:1095.2,1095.12 1 0
github.com/PromptPal/PromptPal/ent/client.go:1099.60,1101.68 2 0
github.com/PromptPal/PromptPal/ent/client.go:1101.68,1110.3 4 0
github.com/PromptPal/PromptPal/ent/client.go:1111.2,1111.14 1 0
github.com/PromptPal/PromptPal/ent/client.go:1115.63,1117.68 2 0
github.com/PromptPal/PromptPal/ent/client.go:1117.68,1126.3 4 0
github.com/PromptPal/PromptPal/ent/client.go:1127.2,1127.14 1 0
github.com/PromptPal/PromptPal/ent/client.go:1131.65,1133.68 2 0
github.com/PromptPal/PromptPal/ent/client.go:1133.68,1142.3 4 0
github.com/PromptPal/PromptPal/ent/client.go:1143.2,1143.14 1 0
github.com/PromptPal/PromptPal/ent/client.go:1147.64,1149.68 2 0
github.com/PromptPal/PromptPal/ent/client.go:1149.68,1158.3 4 0
github.com/PromptPal/PromptPal/ent/client.go:1159.2,1159.14 1 0
github.com/PromptPal/PromptPal/ent/client.go:1163.65,1165.68 2 0
github.com/PromptPal/PromptPal/ent/client.go:1165.68,1174.3 4 0
github.com/PromptPal/PromptPal/ent/client.go:1175.2,1175.14 1 0
github.com/PromptPal/PromptPal/ent/client.go:1179.39,1181.2 1 0
github.com/PromptPal/PromptPal/ent/client.go:1184.53,1186.2 1 0
github.com/PromptPal/PromptPal/ent/client.go:1188.86,1189.16 1 0
github.com/PromptPal/PromptPal/ent/client.go:1190.16,1191.84 1 0
github.com/PromptPal/PromptPal/ent/client.go:1192.16,1193.84 1 0
github.com/PromptPal/PromptPal/ent/client.go:1194.19,1195.87 1 0
github.com/PromptPal/PromptPal/ent/client.go:1196.29,1197.84 1 0
github.com/PromptPal/PromptPal/ent/client.go:1198.10,1199.72 1 0
github.com/PromptPal/PromptPal/ent/client.go:1209.54,1211.2 1 0
github.com/PromptPal/PromptPal/ent/client.go:1215.47,1217.2 1 0
github.com/PromptPal/PromptPal/ent/client.go:1221.67,1223.2 1 0
github.com/PromptPal/PromptPal/ent/client.go:1226.55,1229.2 2 0
github.com/PromptPal/PromptPal/ent/client.go:1232.92,1234.2 1 0
github.com/PromptPal/PromptPal/ent/client.go:1238.113,1240.32 2 0
github.com/PromptPal/PromptPal/ent/client.go:1240.32,1242.3 1 0
github.com/PromptPal/PromptPal/ent/client.go:1243.2,1244.32 2 0
github.com/PromptPal/PromptPal/ent/client.go:1244.32,1247.3 2 0
github.com/PromptPal/PromptPal/ent/client.go:1248.2,1248.68 1 0
github.com/PromptPal/PromptPal/ent/client.go:1252.55,1255.2 2 0
github.com/PromptPal/PromptPal/ent/client.go:1258.75,1261.2 2 0
github.com/PromptPal/PromptPal/ent/client.go:1264.69,1267.2 2 0
github.com/PromptPal/PromptPal/ent/client.go:1270.55,1273.2 2 0
github.com/PromptPal/PromptPal/ent/client.go:1276.75,1278.2 1 0
github.com/PromptPal/PromptPal/ent/client.go:1281.69,1286.2 4 0
github.com/PromptPal/PromptPal/ent/client.go:1289.53,1295.2 1 0
github.com/PromptPal/PromptPal/ent/client.go:1298.82,1300.2 1 0
github.com/PromptPal/PromptPal/ent/client.go:1303.74,1305.16 2 0
github.com/PromptPal/PromptPal/ent/client.go:1305.16,1306.13 1 0
github.com/PromptPal/PromptPal/ent/client.go:1308.2,1308.12 1 0
github.com/PromptPal/PromptPal/ent/client.go:1312.69,1314.68 2 0
github.com/PromptPal/PromptPal/ent/client.go:1314.68,1323.3 4 0
github.com/PromptPal/PromptPal/ent/client.go:1324.2,1324.14 1 0
github.com/PromptPal/PromptPal/ent/client.go:1328.71,1330.68 2 0
github.com/PromptPal/PromptPal/ent/client.go:1330.68,1339.3 4 0
github.com/PromptPal/PromptPal/ent/client.go:1340.2,1340.14 1 0
github.com/PromptPal/PromptPal/ent/client.go:1344.43,1346.2 1 0
github.com/PromptPal/PromptPal/ent/client.go:1349.57,1351.2 1 0
github.com/PromptPal/PromptPal/ent/client.go:1353.94,1354.16 1 0
github.com/PromptPal/PromptPal/ent/client.go:1355.16,1356.88 1 0
github.com/PromptPal/PromptPal/ent/client.go:1357.16,1358.88 1 0
github.com/PromptPal/PromptPal/ent/client.go:1359.19,1360.91 1 0
github.com/PromptPal/PromptPal/ent/client.go:1361.29,1362.88 1 0
github.com/PromptPal/PromptPal/ent/client.go:1363.10,1364.76 1 0
github.com/PromptPal/PromptPal/ent/client.go:1374.50,1376.2 1 0
github.com/PromptPal/PromptPal/ent/client.go:1380.45,1382.2 1 0
github.com/PromptPal/PromptPal/ent/client.go:1386.65,1388.2 1 0
github.com/PromptPal/PromptPal/ent/client.go:1391.51,1394.2 2 0
github.com/PromptPal/PromptPal/ent/client.go:1397.86,1399.2 1 0
github.com/PromptPal/PromptPal/ent/client.go:1403.107,1405.32 2 0
github.com/PromptPal/PromptPal/ent/client.go:1405.32,1407.3 1 0
github.com/PromptPal/PromptPal/ent/client.go:1408.2,1409.32 2 0
github.com/PromptPal/PromptPal/ent/client.go:1409.32,1412.3 2 0
github.com/PromptPal/PromptPal/ent/client.go:1413.2,1413.66 1 0
github.com/PromptPal/PromptPal/ent/client.go:1417.51,1420.2 2 0
github.com/PromptPal/PromptPal/ent/client.go:1423.69,1426.2 2 0
github.com/PromptPal/PromptPal/ent/client.go:1429.65,1432.2 2 0
github.com/PromptPal/PromptPal/ent/client.go:1435.51,1438.2 2 0
github.com/PromptPal/PromptPal/ent/client.go:1441.69,1443.2 1 0
github.com/PromptPal/PromptPal/ent/client.go:1446.65,1451.2 4 0
github.com/PromptPal/PromptPal/ent/client.go:1454.49,1460.2 1 0
github.com/PromptPal/PromptPal/ent/client.go:1463.78,1465.2 1 0
github.com/PromptPal/PromptPal/ent/client.go:1468.70,1470.16 2 0
github.com/PromptPal/PromptPal/ent/client.go:1470.16,1471.13 1 0
github.com/PromptPal/PromptPal/ent/client.go:1473.2,1473.12 1 0
github.com/PromptPal/PromptPal/ent/client.go:1477.67,1479.68 2 0
github.com/PromptPal/PromptPal/ent/client.go:1479.68,1488.3 4 0
github.com/PromptPal/PromptPal/ent/client.go:1489.2,1489.14 1 0
github.com/PromptPal/PromptPal/ent/client.go:1493.65,1495.68 2 0
github.com/PromptPal/PromptPal/ent/client.go:1495.68,1504.3 4 0
github.com/PromptPal/PromptPal/ent/client.go:1505.2,1505.14 1 0
github.com/PromptPal/PromptPal/ent/client.go:1509.64,1511.68 2 0
github.com/PromptPal/PromptPal/ent/client.go:1511.68,1520.3 4 0
github.com/PromptPal/PromptPal/ent/client.go:1521.2,1521.14 1 0
github.com/PromptPal/PromptPal/ent/client.go:1525.41,1527.2 1 0
github.com/PromptPal/PromptPal/ent/client.go:1530.55,1532.2 1 0
github.com/PromptPal/PromptPal/ent/client.go:1534.90,1535.16 1 0
github.com/PromptPal/PromptPal/ent/client.go:1536.16,1537.86 1 0
github.com/PromptPal/PromptPal/ent/client.go:1538.16,1539.86 1 0
github.com/PromptPal/PromptPal/ent/client.go:1540.19,1541.89 1 0
github.com/PromptPal/PromptPal/ent/client.go:1542.29,1543.86 1 0
github.com/PromptPal/PromptPal/ent/client.go:1544.10,1545.74 1 0
github.com/PromptPal/PromptPal/ent/client.go:1555.42,1557.2 1 0
github.com/PromptPal/PromptPal/ent/client.go:1561.41,1563.2 1 0
github.com/PromptPal/PromptPal/ent/client.go:1567.61,1569.2 1 0
github.com/PromptPal/PromptPal/ent/client.go:1572.43,1575.2 2 0
github.com/PromptPal/PromptPal/ent/client.go:1578.74,1580.2 1 0
github.com/PromptPal/PromptPal/ent/client.go:1584.95,1586.32 2 0
github.com/PromptPal/PromptPal/ent/client.go:1586.32,1588.3 1 0
github.com/PromptPal/PromptPal/ent/client.go:1589.2,1590.32 2 0
github.com/PromptPal/PromptPal/ent/client.go:1590.32,1593.3 2 0
github.com/PromptPal/PromptPal/ent/client.go:1594.2,1594.62 1 0
github.com/PromptPal/PromptPal/ent/client.go:1598.43,1601.2 2 0
github.com/PromptPal/PromptPal/ent/client.go:1604.56,1607.2 2 0
github.com/PromptPal/PromptPal/ent/client.go:1610.57,1613.2 2 0
github.com/PromptPal/PromptPal/ent/client.go:1616.43,1619.2 2 0
github.com/PromptPal/PromptPal/ent/client.go:1622.56,1624.2 1 0
github.com/PromptPal/PromptPal/ent/client.go:1627.57,1632.2 4 0
github.com/PromptPal/PromptPal/ent/client.go:1635.41,1641.2 1 0
github.com/PromptPal/PromptPal/ent/client.go:1644.70,1646.2 1 0
github.com/PromptPal/PromptPal/ent/client.go:1649.62,1651.16 2 0
github.com/PromptPal/PromptPal/ent/client.go:1651.16,1652.13 1 0
github.com/PromptPal/PromptPal/ent/client.go:1654.2,1654.12 1 0
github.com/PromptPal/PromptPal/ent/client.go:1658.59,1660.68 2 0
github.com/PromptPal/PromptPal/ent/client.go:1660.68,1669.3 4 0
github.com/PromptPal/PromptPal/ent/client.go:1670.2,1670.14 1 0
github.com/PromptPal/PromptPal/ent/client.go:1674.57,1676.68 2 0
github.com/PromptPal/PromptPal/ent/client.go:1676.68,1685.3 4 0
github.com/PromptPal/PromptPal/ent/client.go:1686.2,1686.14 1 0
github.com/PromptPal/PromptPal/ent/client.go:1690.62,1692.68 2 0
github.com/PromptPal/PromptPal/ent/client.go:1692.68,1701.3 4 0
github.com/PromptPal/PromptPal/ent/client.go:1702.2,1702.14 1 0
github.com/PromptPal/PromptPal/ent/client.go:1706.60,1708.68 2 0
github.com/PromptPal/PromptPal/ent/client.go:1708.68,1717.3 4 0
github.com/PromptPal/PromptPal/ent/client.go:1718.2,1718.14 1 0
github.com/PromptPal/PromptPal/ent/client.go:1722.63,1724.68 2 0
github.com/PromptPal/PromptPal/ent/client.go:1724.68,1733.3 4 0
github.com/PromptPal/PromptPal/ent/client.go:1734.2,1734.14 1 0
github.com/PromptPal/PromptPal/ent/client.go:1738.61,1740.68 2 0
github.com/PromptPal/PromptPal/ent/client.go:1740.68,1749.3 4 0
github.com/PromptPal/PromptPal/ent/client.go:1750.2,1750.14 1 0
github.com/PromptPal/PromptPal/ent/client.go:1754.37,1756.2 1 0
github.com/PromptPal/PromptPal/ent/client.go:1759.51,1761.2 1 0
github.com/PromptPal/PromptPal/ent/client.go:1763.82,1764.16 1 0
github.com/PromptPal/PromptPal/ent/client.go:1765.16,1766.82 1 0
github.com/PromptPal/PromptPal/ent/client.go:1767.16,1768.82 1 0
github.com/PromptPal/PromptPal/ent/client.go:1769.19,1770.85 1 0
github.com/PromptPal/PromptPal/ent/client.go:1771.29,1772.82 1 0
github.com/PromptPal/PromptPal/ent/client.go:1773.10,1774.70 1 0
github.com/PromptPal/PromptPal/ent/ent.go:47.47,50.2 2 0
github.com/PromptPal/PromptPal/ent/ent.go:53.68,55.2 1 0
github.com/PromptPal/PromptPal/ent/ent.go:60.45,63.2 2 0
github.com/PromptPal/PromptPal/ent/ent.go:66.67,68.2 1 0
github.com/PromptPal/PromptPal/ent/ent.go:80.46,81.22 1 0
github.com/PromptPal/PromptPal/ent/ent.go:81.22,92.3 1 0
github.com/PromptPal/PromptPal/ent/ent.go:93.2,93.35 1 0
github.com/PromptPal/PromptPal/ent/ent.go:97.48,98.31 1 0
github.com/PromptPal/PromptPal/ent/ent.go:98.31,99.28 1 0
github.com/PromptPal/PromptPal/ent/ent.go:99.28,100.56 1 0
github.com/PromptPal/PromptPal/ent/ent.go:100.56,102.5 1 0
github.com/PromptPal/PromptPal/ent/ent.go:103.4,103.30 1 0
github.com/PromptPal/PromptPal/ent/ent.go:109.49,110.31 1 0
github.com/PromptPal/PromptPal/ent/ent.go:110.31,111.28 1 0
github.com/PromptPal/PromptPal/ent/ent.go:111.28,112.56 1 0
github.com/PromptPal/PromptPal/ent/ent.go:112.56,114.5 1 0
github.com/PromptPal/PromptPal/ent/ent.go:115.4,115.31 1 0
github.com/PromptPal/PromptPal/ent/ent.go:128.53,129.38 1 0
github.com/PromptPal/PromptPal/ent/ent.go:129.38,131.3 1 0
github.com/PromptPal/PromptPal/ent/ent.go:135.28,136.38 1 0
github.com/PromptPal/PromptPal/ent/ent.go:136.38,138.3 1 0
github.com/PromptPal/PromptPal/ent/ent.go:142.38,143.38 1 0
github.com/PromptPal/PromptPal/ent/ent.go:143.38,144.59 1 0
github.com/PromptPal/PromptPal/ent/ent.go:144.59,147.4 2 0
github.com/PromptPal/PromptPal/ent/ent.go:148.3,148.29 1 0
github.com/PromptPal/PromptPal/ent/ent.go:153.39,154.38 1 0
github.com/PromptPal/PromptPal/ent/ent.go:154.38,155.59 1 0
github.com/PromptPal/PromptPal/ent/ent.go:155.59,158.4 2 0
github.com/PromptPal/PromptPal/ent/ent.go:159.3,159.29 1 0
github.com/PromptPal/PromptPal/ent/ent.go:164.38,165.38 1 0
github.com/PromptPal/PromptPal/ent/ent.go:165.38,166.59 1 0
github.com/PromptPal/PromptPal/ent/ent.go:166.59,169.4 2 0
github.com/PromptPal/PromptPal/ent/ent.go:170.3,170.29 1 0
github.com/PromptPal/PromptPal/ent/ent.go:175.38,176.38 1 0
github.com/PromptPal/PromptPal/ent/ent.go:176.38,177.59 1 0
github.com/PromptPal/PromptPal/ent/ent.go:177.59,180.4 2 0
github.com/PromptPal/PromptPal/ent/ent.go:181.3,181.29 1 0
github.com/PromptPal/PromptPal/ent/ent.go:192.42,194.2 1 0
github.com/PromptPal/PromptPal/ent/ent.go:197.42,199.2 1 0
github.com/PromptPal/PromptPal/ent/ent.go:202.40,203.16 1 0
github.com/PromptPal/PromptPal/ent/ent.go:203.16,205.3 1 0
github.com/PromptPal/PromptPal/ent/ent.go:206.2,207.27 2 0
github.com/PromptPal/PromptPal/ent/ent.go:216.40,218.2 1 0
github.com/PromptPal/PromptPal/ent/ent.go:221.33,222.16 1 0
github.com/PromptPal/PromptPal/ent/ent.go:222.16,224.3 1 0
github.com/PromptPal/PromptPal/ent/ent.go:225.2,226.27 2 0
github.com/PromptPal/PromptPal/ent/ent.go:230.36,231.21 1 0
github.com/PromptPal/PromptPal/ent/ent.go:231.21,233.3 1 0
github.com/PromptPal/PromptPal/ent/ent.go:234.2,234.12 1 0
github.com/PromptPal/PromptPal/ent/ent.go:243.43,245.2 1 0
github.com/PromptPal/PromptPal/ent/ent.go:248.36,249.16 1 0
github.com/PromptPal/PromptPal/ent/ent.go:249.16,251.3 1 0
github.com/PromptPal/PromptPal/ent/ent.go:252.2,253.27 2 0
github.com/PromptPal/PromptPal/ent/ent.go:262.41,264.2 1 0
github.com/PromptPal/PromptPal/ent/ent.go:267.34,268.16 1 0
github.com/PromptPal/PromptPal/ent/ent.go:268.16,270.3 1 0
github.com/PromptPal/PromptPal/ent/ent.go:271.2,272.27 2 0
github.com/PromptPal/PromptPal/ent/ent.go:284.41,286.2 1 0
github.com/PromptPal/PromptPal/ent/ent.go:289.42,291.2 1 0
github.com/PromptPal/PromptPal/ent/ent.go:294.40,295.16 1 0
github.com/PromptPal/PromptPal/ent/ent.go:295.16,297.3 1 0
github.com/PromptPal/PromptPal/ent/ent.go:298.2,299.27 2 0
github.com/PromptPal/PromptPal/ent/ent.go:311.54,312.39 1 0
github.com/PromptPal/PromptPal/ent/ent.go:312.39,313.13 1 0
github.com/PromptPal/PromptPal/ent/ent.go:318.67,319.22 1 0
github.com/PromptPal/PromptPal/ent/ent.go:319.22,321.3 1 0
github.com/PromptPal/PromptPal/ent/ent.go:322.2,323.40 2 0
github.com/PromptPal/PromptPal/ent/ent.go:323.40,325.3 1 0
github.com/PromptPal/PromptPal/ent/ent.go:326.2,326.15 1 0
github.com/PromptPal/PromptPal/ent/ent.go:330.59,332.16 2 0
github.com/PromptPal/PromptPal/ent/ent.go:332.16,333.13 1 0
github.com/PromptPal/PromptPal/ent/ent.go:335.2,335.10 1 0
github.com/PromptPal/PromptPal/ent/ent.go:339.70,341.41 2 0
github.com/PromptPal/PromptPal/ent/ent.go:341.41,343.3 1 0
github.com/PromptPal/PromptPal/ent/ent.go:344.2,344.16 1 0
github.com/PromptPal/PromptPal/ent/ent.go:345.9,346.19 1 0
github.com/PromptPal/PromptPal/ent/ent.go:347.9,348.32 1 0
github.com/PromptPal/PromptPal/ent/ent.go:349.10,350.85 1 0
github.com/PromptPal/PromptPal/ent/ent.go:352.2,352.8 1 0
github.com/PromptPal/PromptPal/ent/ent.go:356.56,358.16 2 0
github.com/PromptPal/PromptPal/ent/ent.go:358.16,359.13 1 0
github.com/PromptPal/PromptPal/ent/ent.go:361.2,361.10 1 0
github.com/PromptPal/PromptPal/ent/ent.go:365.61,366.22 1 0
github.com/PromptPal/PromptPal/ent/ent.go:366.22,368.3 1 0
github.com/PromptPal/PromptPal/ent/ent.go:369.2,370.40 2 0
github.com/PromptPal/PromptPal/ent/ent.go:370.40,372.3 1 0
github.com/PromptPal/PromptPal/ent/ent.go:373.2,373.15 1 0
github.com/PromptPal/PromptPal/ent/ent.go:377.53,379.16 2 0
github.com/PromptPal/PromptPal/ent/ent.go:379.16,380.13 1 0
github.com/PromptPal/PromptPal/ent/ent.go:382.2,382.10 1 0
github.com/PromptPal/PromptPal/ent/ent.go:386.64,388.38 2 0
github.com/PromptPal/PromptPal/ent/ent.go:388.38,390.3 1 0
github.com/PromptPal/PromptPal/ent/ent.go:391.2,391.16 1 0
github.com/PromptPal/PromptPal/ent/ent.go:392.9,393.19 1 0
github.com/PromptPal/PromptPal/ent/ent.go:394.9,395.32 1 0
github.com/PromptPal/PromptPal/ent/ent.go:396.10,397.82 1 0
github.com/PromptPal/PromptPal/ent/ent.go:399.2,399.8 1 0
github.com/PromptPal/PromptPal/ent/ent.go:403.50,405.16 2 0
github.com/PromptPal/PromptPal/ent/ent.go:405.16,406.13 1 0
github.com/PromptPal/PromptPal/ent/ent.go:408.2,408.10 1 0
github.com/PromptPal/PromptPal/ent/ent.go:412.69,413.22 1 0
github.com/PromptPal/PromptPal/ent/ent.go:413.22,415.3 1 0
github.com/PromptPal/PromptPal/ent/ent.go:416.2,417.40 2 0
github.com/PromptPal/PromptPal/ent/ent.go:417.40,419.3 1 0
github.com/PromptPal/PromptPal/ent/ent.go:420.2,420.15 1 0
github.com/PromptPal/PromptPal/ent/ent.go:424.61,426.16 2 0
github.com/PromptPal/PromptPal/ent/ent.go:426.16,427.13 1 0
github.com/PromptPal/PromptPal/ent/ent.go:429.2,429.10 1 0
github.com/PromptPal/PromptPal/ent/ent.go:433.72,435.42 2 0
github.com/PromptPal/PromptPal/ent/ent.go:435.42,437.3 1 0
github.com/PromptPal/PromptPal/ent/ent.go:438.2,438.16 1 0
github.com/PromptPal/PromptPal/ent/ent.go:439.9,440.19 1 0
github.com/PromptPal/PromptPal/ent/ent.go:441.9,442.32 1 0
github.com/PromptPal/PromptPal/ent/ent.go:443.10,444.86 1 0
github.com/PromptPal/PromptPal/ent/ent.go:446.2,446.8 1 0
github.com/PromptPal/PromptPal/ent/ent.go:450.58,452.16 2 0
github.com/PromptPal/PromptPal/ent/ent.go:452.16,453.13 1 0
github.com/PromptPal/PromptPal/ent/ent.go:455.2,455.10 1 0
github.com/PromptPal/PromptPal/ent/ent.go:459.63,460.22 1 0
github.com/PromptPal/PromptPal/ent/ent.go:460.22,462.3 1 0
github.com/PromptPal/PromptPal/ent/ent.go:463.2,464.40 2 0
github.com/PromptPal/PromptPal/ent/ent.go:464.40,466.3 1 0
github.com/PromptPal/PromptPal/ent/ent.go:467.2,467.15 1 0
github.com/PromptPal/PromptPal/ent/ent.go:471.55,473.16 2 0
github.com/PromptPal/PromptPal/ent/ent.go:473.16,474.13 1 0
github.com/PromptPal/PromptPal/ent/ent.go:476.2,476.10 1 0
github.com/PromptPal/PromptPal/ent/ent.go:480.66,482.39 2 0
[...]
github.com/PromptPal/PromptPal/ent/user/where.go:829.49,831.2 1 0
github.com/PromptPal/PromptPal/ent/user/where.go:834.52,836.2 1 0
github.com/PromptPal/PromptPal/ent/user/where.go:839.46,841.2 1 0
github.com/PromptPal/PromptPal/ent/user/where.go:844.47,846.2 1 0
github.com/PromptPal/PromptPal/ent/user/where.go:849.50,851.2 1 0
github.com/PromptPal/PromptPal/ent/user/where.go:854.53,856.2 1 0
github.com/PromptPal/PromptPal/ent/user/where.go:859.46,861.2 1 0
github.com/PromptPal/PromptPal/ent/user/where.go:864.47,866.2 1 0
github.com/PromptPal/PromptPal/ent/user/where.go:869.46,871.2 1 0
github.com/PromptPal/PromptPal/ent/user/where.go:874.47,876.2 1 0
github.com/PromptPal/PromptPal/ent/user/where.go:879.52,881.2 1 0
github.com/PromptPal/PromptPal/ent/user/where.go:884.53,886.2 1 0
github.com/PromptPal/PromptPal/ent/user/where.go:889.53,891.2 1 0
github.com/PromptPal/PromptPal/ent/user/where.go:894.41,896.2 1 0
github.com/PromptPal/PromptPal/ent/user/where.go:899.42,901.2 1 0
github.com/PromptPal/PromptPal/ent/user/where.go:904.53,906.2 1 0
github.com/PromptPal/PromptPal/ent/user/where.go:909.56,911.2 1 0
github.com/PromptPal/PromptPal/ent/user/where.go:914.35,915.46 1 0
github.com/PromptPal/PromptPal/ent/user/where.go:915.46,921.3 2 0
github.com/PromptPal/PromptPal/ent/user/where.go:925.65,926.46 1 0
github.com/PromptPal/PromptPal/ent/user/where.go:926.46,928.60 2 0
github.com/PromptPal/PromptPal/ent/user/where.go:928.60,929.28 1 0
github.com/PromptPal/PromptPal/ent/user/where.go:929.28,931.5 1 0
github.com/PromptPal/PromptPal/ent/user/where.go:937.34,938.46 1 0
github.com/PromptPal/PromptPal/ent/user/where.go:938.46,944.3 2 0
github.com/PromptPal/PromptPal/ent/user/where.go:948.63,949.46 1 0
github.com/PromptPal/PromptPal/ent/user/where.go:949.46,951.60 2 0
github.com/PromptPal/PromptPal/ent/user/where.go:951.60,952.28 1 0
github.com/PromptPal/PromptPal/ent/user/where.go:952.28,954.5 1 0
github.com/PromptPal/PromptPal/ent/user/where.go:960.37,961.46 1 0
github.com/PromptPal/PromptPal/ent/user/where.go:961.46,967.3 2 0
github.com/PromptPal/PromptPal/ent/user/where.go:971.68,972.46 1 0
github.com/PromptPal/PromptPal/ent/user/where.go:972.46,974.60 2 0
github.com/PromptPal/PromptPal/ent/user/where.go:974.60,975.28 1 0
github.com/PromptPal/PromptPal/ent/user/where.go:975.28,977.5 1 0
github.com/PromptPal/PromptPal/ent/user/where.go:983.36,984.46 1 0
github.com/PromptPal/PromptPal/ent/user/where.go:984.46,990.3 2 0
github.com/PromptPal/PromptPal/ent/user/where.go:994.66,995.46 1 0
github.com/PromptPal/PromptPal/ent/user/where.go:995.46,997.60 2 0
github.com/PromptPal/PromptPal/ent/user/where.go:997.60,998.28 1 0
github.com/PromptPal/PromptPal/ent/user/where.go:998.28,1000.5 1 0
github.com/PromptPal/PromptPal/ent/user/where.go:1006.37,1007.46 1 0
github.com/PromptPal/PromptPal/ent/user/where.go:1007.46,1013.3 2 0
github.com/PromptPal/PromptPal/ent/user/where.go:1017.69,1018.46 1 0
github.com/PromptPal/PromptPal/ent/user/where.go:1018.46,1020.60 2 0
github.com/PromptPal/PromptPal/ent/user/where.go:1020.60,1021.28 1 0
github.com/PromptPal/PromptPal/ent/user/where.go:1021.28,1023.5 1 0
github.com/PromptPal/PromptPal/ent/user/where.go:1029.36,1030.46 1 0
github.com/PromptPal/PromptPal/ent/user/where.go:1030.46,1036.3 2 0
github.com/PromptPal/PromptPal/ent/user/where.go:1040.67,1041.46 1 0
github.com/PromptPal/PromptPal/ent/user/where.go:1041.46,1043.60 2 0
github.com/PromptPal/PromptPal/ent/user/where.go:1043.60,1044.28 1 0
github.com/PromptPal/PromptPal/ent/user/where.go:1044.28,1046.5 1 0
github.com/PromptPal/PromptPal/ent/user/where.go:1052.55,1054.2 1 0
github.com/PromptPal/PromptPal/ent/user/where.go:1057.54,1059.2 1 0
github.com/PromptPal/PromptPal/ent/user/where.go:1062.43,1064.2 1 0
github.com/PromptPal/PromptPal/utils/utils.go:7.36,9.19 2 0
github.com/PromptPal/PromptPal/utils/utils.go:9.19,11.3 1 0
github.com/PromptPal/PromptPal/utils/utils.go:12.2,12.18 1 0
github.com/PromptPal/PromptPal/service/ai.gemini.go:21.39,23.2 1 0
github.com/PromptPal/PromptPal/service/ai.gemini.go:25.129,26.55 1 0
github.com/PromptPal/PromptPal/service/ai.gemini.go:26.55,28.3 1 0
github.com/PromptPal/PromptPal/service/ai.gemini.go:29.2,34.16 2 0
github.com/PromptPal/PromptPal/service/ai.gemini.go:34.16,36.3 1 0
github.com/PromptPal/PromptPal/service/ai.gemini.go:37.2,41.33 5 0
github.com/PromptPal/PromptPal/service/ai.gemini.go:41.33,43.3 1 0
github.com/PromptPal/PromptPal/service/ai.gemini.go:45.2,45.30 1 0
github.com/PromptPal/PromptPal/service/ai.gemini.go:54.52,55.55 1 0
github.com/PromptPal/PromptPal/service/ai.gemini.go:55.55,57.3 1 0
github.com/PromptPal/PromptPal/service/ai.gemini.go:59.2,60.16 2 0
github.com/PromptPal/PromptPal/service/ai.gemini.go:60.16,63.3 2 0
github.com/PromptPal/PromptPal/service/ai.gemini.go:64.2,67.33 3 0
github.com/PromptPal/PromptPal/service/ai.gemini.go:67.33,71.3 3 0
github.com/PromptPal/PromptPal/service/ai.gemini.go:73.2,75.16 2 0
github.com/PromptPal/PromptPal/service/ai.gemini.go:75.16,77.3 1 0
github.com/PromptPal/PromptPal/service/ai.gemini.go:79.2,80.16 2 0
github.com/PromptPal/PromptPal/service/ai.gemini.go:80.16,82.3 1 0
github.com/PromptPal/PromptPal/service/ai.gemini.go:84.2,87.39 3 0
github.com/PromptPal/PromptPal/service/ai.gemini.go:87.39,88.26 1 0
github.com/PromptPal/PromptPal/service/ai.gemini.go:88.26,89.12 1 0
github.com/PromptPal/PromptPal/service/ai.gemini.go:91.3,92.43 2 0
github.com/PromptPal/PromptPal/service/ai.gemini.go:92.43,94.11 2 0
github.com/PromptPal/PromptPal/service/ai.gemini.go:94.11,96.13 2 0
github.com/PromptPal/PromptPal/service/ai.gemini.go:98.4,105.6 1 0
github.com/PromptPal/PromptPal/service/ai.gemini.go:108.2,115.8 1 0
github.com/PromptPal/PromptPal/service/ai.gemini.go:124.42,132.55 2 0
github.com/PromptPal/PromptPal/service/ai.gemini.go:132.55,134.3 1 0
github.com/PromptPal/PromptPal/service/ai.gemini.go:136.2,137.16 2 0
github.com/PromptPal/PromptPal/service/ai.gemini.go:137.16,139.3 1 0
github.com/PromptPal/PromptPal/service/ai.gemini.go:140.2,143.33 3 0
github.com/PromptPal/PromptPal/service/ai.gemini.go:143.33,147.3 3 0
github.com/PromptPal/PromptPal/service/ai.gemini.go:149.2,151.16 2 0
github.com/PromptPal/PromptPal/service/ai.gemini.go:151.16,153.3 1 0
github.com/PromptPal/PromptPal/service/ai.gemini.go:155.2,157.12 3 0
github.com/PromptPal/PromptPal/service/ai.gemini.go:157.12,158.7 1 0
github.com/PromptPal/PromptPal/service/ai.gemini.go:158.7,160.28 2 0
github.com/PromptPal/PromptPal/service/ai.gemini.go:160.28,168.10 4 0
github.com/PromptPal/PromptPal/service/ai.gemini.go:170.4,170.18 1 0
github.com/PromptPal/PromptPal/service/ai.gemini.go:170.18,172.10 2 0
github.com/PromptPal/PromptPal/service/ai.gemini.go:175.4,177.41 2 0
github.com/PromptPal/PromptPal/service/ai.gemini.go:177.41,178.28 1 0
github.com/PromptPal/PromptPal/service/ai.gemini.go:178.28,179.14 1 0
github.com/PromptPal/PromptPal/service/ai.gemini.go:181.5,182.45 2 0
github.com/PromptPal/PromptPal/service/ai.gemini.go:182.45,184.13 2 0
github.com/PromptPal/PromptPal/service/ai.gemini.go:184.13,186.15 2 0
github.com/PromptPal/PromptPal/service/ai.gemini.go:188.6,195.8 1 0
github.com/PromptPal/PromptPal/service/ai.gemini.go:198.4,198.27 1 0
github.com/PromptPal/PromptPal/service/ai.gemini.go:202.2,202.19 1 0
github.com/PromptPal/PromptPal/service/ai.isomorphic.go:22.79,34.2 6 0
github.com/PromptPal/PromptPal/service/ai.isomorphic.go:54.51,56.2 1 0
github.com/PromptPal/PromptPal/service/ai.isomorphic.go:58.119,60.29 2 0
github.com/PromptPal/PromptPal/service/ai.isomorphic.go:60.29,62.17 2 0
github.com/PromptPal/PromptPal/service/ai.isomorphic.go:62.17,65.4 2 0
github.com/PromptPal/PromptPal/service/ai.isomorphic.go:66.3,66.33 1 0
github.com/PromptPal/PromptPal/service/ai.isomorphic.go:68.2,69.20 2 0
github.com/PromptPal/PromptPal/service/ai.isomorphic.go:72.118,75.40 2 0
github.com/PromptPal/PromptPal/service/ai.isomorphic.go:75.40,77.3 1 0
github.com/PromptPal/PromptPal/service/ai.isomorphic.go:79.2,79.41 1 0
github.com/PromptPal/PromptPal/service/ai.isomorphic.go:79.41,82.3 2 0
github.com/PromptPal/PromptPal/service/ai.isomorphic.go:84.2,87.16 3 0
github.com/PromptPal/PromptPal/service/ai.isomorphic.go:87.16,89.3 1 0
github.com/PromptPal/PromptPal/service/ai.isomorphic.go:91.2,92.40 2 0
github.com/PromptPal/PromptPal/service/ai.isomorphic.go:92.40,94.3 1 0
github.com/PromptPal/PromptPal/service/ai.isomorphic.go:95.2,95.42 1 0
github.com/PromptPal/PromptPal/service/ai.isomorphic.go:95.42,98.3 2 0
github.com/PromptPal/PromptPal/service/ai.isomorphic.go:99.2,111.26 3 0
github.com/PromptPal/PromptPal/service/ai.isomorphic.go:111.26,114.3 2 0
github.com/PromptPal/PromptPal/service/ai.isomorphic.go:115.2,116.8 2 0
github.com/PromptPal/PromptPal/service/ai.isomorphic.go:126.52,128.16 2 0
github.com/PromptPal/PromptPal/service/ai.isomorphic.go:128.16,130.3 1 0
github.com/PromptPal/PromptPal/service/ai.isomorphic.go:132.2,137.18 2 0
github.com/PromptPal/PromptPal/service/ai.isomorphic.go:137.18,139.3 1 0
github.com/PromptPal/PromptPal/service/ai.isomorphic.go:140.2,140.28 1 0
github.com/PromptPal/PromptPal/service/ai.isomorphic.go:140.28,142.3 1 0
github.com/PromptPal/PromptPal/service/ai.isomorphic.go:144.2,147.33 3 0
github.com/PromptPal/PromptPal/service/ai.isomorphic.go:147.33,154.3 3 0
github.com/PromptPal/PromptPal/service/ai.isomorphic.go:156.2,156.46 1 0
github.com/PromptPal/PromptPal/service/ai.isomorphic.go:165.42,175.16 3 0
github.com/PromptPal/PromptPal/service/ai.isomorphic.go:175.16,177.3 1 0
github.com/PromptPal/PromptPal/service/ai.isomorphic.go:179.2,184.18 2 0
github.com/PromptPal/PromptPal/service/ai.isomorphic.go:184.18,186.3 1 0
github.com/PromptPal/PromptPal/service/ai.isomorphic.go:187.2,187.28 1 0
github.com/PromptPal/PromptPal/service/ai.isomorphic.go:187.28,189.3 1 0
github.com/PromptPal/PromptPal/service/ai.isomorphic.go:191.2,194.33 3 0
github.com/PromptPal/PromptPal/service/ai.isomorphic.go:194.33,201.3 3 0
github.com/PromptPal/PromptPal/service/ai.isomorphic.go:202.2,208.16 3 0
github.com/PromptPal/PromptPal/service/ai.isomorphic.go:208.16,210.3 1 0
github.com/PromptPal/PromptPal/service/ai.isomorphic.go:212.2,212.12 1 0
github.com/PromptPal/PromptPal/service/ai.isomorphic.go:212.12,213.7 1 0
github.com/PromptPal/PromptPal/service/ai.isomorphic.go:213.7,215.30 2 0
github.com/PromptPal/PromptPal/service/ai.isomorphic.go:215.30,219.10 4 0
github.com/PromptPal/PromptPal/service/ai.isomorphic.go:221.4,221.18 1 0
github.com/PromptPal/PromptPal/service/ai.isomorphic.go:221.18,224.10 3 0
github.com/PromptPal/PromptPal/service/ai.isomorphic.go:227.4,227.25 1 0
github.com/PromptPal/PromptPal/service/ai.isomorphic.go:227.25,229.5 1 0
github.com/PromptPal/PromptPal/service/ai.isomorphic.go:231.4,231.30 1 0
github.com/PromptPal/PromptPal/service/ai.isomorphic.go:231.30,232.13 1 0
github.com/PromptPal/PromptPal/service/ai.isomorphic.go:235.4,237.38 2 0
github.com/PromptPal/PromptPal/service/ai.isomorphic.go:237.38,248.5 3 0
github.com/PromptPal/PromptPal/service/ai.isomorphic.go:250.4,250.25 1 0
github.com/PromptPal/PromptPal/service/ai.isomorphic.go:253.2,253.19 1 0
github.com/PromptPal/PromptPal/service/ai.openai.go:18.39,20.2 1 0
github.com/PromptPal/PromptPal/service/ai.openai.go:22.106,24.33 2 0
github.com/PromptPal/PromptPal/service/ai.openai.go:24.33,26.17 2 0
github.com/PromptPal/PromptPal/service/ai.openai.go:26.17,29.4 2 0
github.com/PromptPal/PromptPal/service/ai.openai.go:30.3,30.33 1 0
github.com/PromptPal/PromptPal/service/ai.openai.go:32.2,33.20 2 0
github.com/PromptPal/PromptPal/service/ai.openai.go:43.52,44.31 1 0
github.com/PromptPal/PromptPal/service/ai.openai.go:44.31,46.3 1 0
github.com/PromptPal/PromptPal/service/ai.openai.go:48.2,50.16 2 0
github.com/PromptPal/PromptPal/service/ai.openai.go:50.16,52.3 1 0
github.com/PromptPal/PromptPal/service/ai.openai.go:54.2,59.18 2 0
github.com/PromptPal/PromptPal/service/ai.openai.go:59.18,61.3 1 0
github.com/PromptPal/PromptPal/service/ai.openai.go:62.2,62.33 1 0
github.com/PromptPal/PromptPal/service/ai.openai.go:62.33,64.3 1 0
github.com/PromptPal/PromptPal/service/ai.openai.go:66.2,67.33 2 0
github.com/PromptPal/PromptPal/service/ai.openai.go:67.33,74.3 3 0
github.com/PromptPal/PromptPal/service/ai.openai.go:76.2,76.46 1 0
github.com/PromptPal/PromptPal/service/ai.openai.go:85.42,93.31 2 0
github.com/PromptPal/PromptPal/service/ai.openai.go:93.31,95.3 1 0
github.com/PromptPal/PromptPal/service/ai.openai.go:97.2,99.16 2 0
github.com/PromptPal/PromptPal/service/ai.openai.go:99.16,101.3 1 0
github.com/PromptPal/PromptPal/service/ai.openai.go:103.2,108.18 2 0
github.com/PromptPal/PromptPal/service/ai.openai.go:108.18,110.3 1 0
github.com/PromptPal/PromptPal/service/ai.openai.go:111.2,111.33 1 0
github.com/PromptPal/PromptPal/service/ai.openai.go:111.33,113.3 1 0
github.com/PromptPal/PromptPal/service/ai.openai.go:115.2,116.33 2 0
github.com/PromptPal/PromptPal/service/ai.openai.go:116.33,123.3 3 0
github.com/PromptPal/PromptPal/service/ai.openai.go:124.2,130.16 3 0
github.com/PromptPal/PromptPal/service/ai.openai.go:130.16,132.3 1 0
github.com/PromptPal/PromptPal/service/ai.openai.go:134.2,134.12 1 0
github.com/PromptPal/PromptPal/service/ai.openai.go:134.12,135.7 1 0
github.com/PromptPal/PromptPal/service/ai.openai.go:135.7,137.30 2 0
github.com/PromptPal/PromptPal/service/ai.openai.go:137.30,141.10 4 0
github.com/PromptPal/PromptPal/service/ai.openai.go:143.4,143.18 1 0
github.com/PromptPal/PromptPal/service/ai.openai.go:143.18,146.10 3 0
github.com/PromptPal/PromptPal/service/ai.openai.go:149.4,149.25 1 0
github.com/PromptPal/PromptPal/service/ai.openai.go:149.25,151.5 1 0
github.com/PromptPal/PromptPal/service/ai.openai.go:153.4,153.30 1 0
github.com/PromptPal/PromptPal/service/ai.openai.go:153.30,154.13 1 0
github.com/PromptPal/PromptPal/service/ai.openai.go:157.4,159.38 2 0
github.com/PromptPal/PromptPal/service/ai.openai.go:159.38,170.5 3 0
github.com/PromptPal/PromptPal/service/ai.openai.go:172.4,172.25 1 0
github.com/PromptPal/PromptPal/service/ai.openai.go:175.2,175.19 1 0
github.com/PromptPal/PromptPal/service/cache.go:15.25,19.2 3 0
github.com/PromptPal/PromptPal/service/cache.go:21.85,23.16 2 0
github.com/PromptPal/PromptPal/service/cache.go:23.16,25.3 1 0
github.com/PromptPal/PromptPal/service/cache.go:26.2,26.66 1 0
github.com/PromptPal/PromptPal/service/cache.go:29.95,31.16 2 0
github.com/PromptPal/PromptPal/service/cache.go:31.16,33.3 1 0
github.com/PromptPal/PromptPal/service/cache.go:34.2,40.12 2 0
github.com/PromptPal/PromptPal/service/cache.go:43.98,45.16 2 0
github.com/PromptPal/PromptPal/service/cache.go:45.16,47.3 1 0
github.com/PromptPal/PromptPal/service/cache.go:48.2,50.16 3 0
github.com/PromptPal/PromptPal/service/cache.go:50.16,51.42 1 0
github.com/PromptPal/PromptPal/service/cache.go:51.42,53.4 1 0
github.com/PromptPal/PromptPal/service/cache.go:54.3,54.25 1 0
github.com/PromptPal/PromptPal/service/cache.go:56.2,56.27 1 0
github.com/PromptPal/PromptPal/service/cost.go:21.13,108.2 1 1
github.com/PromptPal/PromptPal/service/cost.go:110.70,112.9 2 0
github.com/PromptPal/PromptPal/service/cost.go:112.9,114.3 1 0
github.com/PromptPal/PromptPal/service/cost.go:116.2,116.58 1 0
github.com/PromptPal/PromptPal/service/cost.go:116.58,118.3 1 0
github.com/PromptPal/PromptPal/service/cost.go:120.2,120.47 1 0
github.com/PromptPal/PromptPal/service/cost.go:120.47,121.50 1 0
github.com/PromptPal/PromptPal/service/cost.go:121.50,123.4 1 0
github.com/PromptPal/PromptPal/service/cost.go:126.2,126.30 1 0
github.com/PromptPal/PromptPal/service/db.go:16.15,19.16 3 0
github.com/PromptPal/PromptPal/service/db.go:19.16,21.3 1 0
github.com/PromptPal/PromptPal/service/db.go:23.2,23.67 1 0
github.com/PromptPal/PromptPal/service/db.go:23.67,25.3 1 0
github.com/PromptPal/PromptPal/service/db.go:27.2,29.20 3 0
github.com/PromptPal/PromptPal/service/db.go:32.25,34.25 2 0
github.com/PromptPal/PromptPal/service/db.go:34.25,36.3 1 0
github.com/PromptPal/PromptPal/service/db.go:38.2,39.34 2 0
github.com/PromptPal/PromptPal/service/db.go:39.34,50.3 2 0
github.com/PromptPal/PromptPal/service/db.go:51.2,58.16 2 0
github.com/PromptPal/PromptPal/service/db.go:58.16,60.3 1 0
github.com/PromptPal/PromptPal/service/db.go:64.14,66.2 1 0
github.com/PromptPal/PromptPal/service/hashid.go:19.39,28.2 5 0
github.com/PromptPal/PromptPal/service/hashid.go:30.56,32.2 1 0
github.com/PromptPal/PromptPal/service/hashid.go:34.56,37.16 2 0
github.com/PromptPal/PromptPal/service/hashid.go:37.16,39.3 1 0
github.com/PromptPal/PromptPal/service/hashid.go:41.2,41.20 1 0
github.com/PromptPal/PromptPal/service/hashid.go:41.20,43.3 1 0
github.com/PromptPal/PromptPal/service/hashid.go:45.2,45.21 1 0
github.com/PromptPal/PromptPal/service/helper.go:6.77,8.36 2 0
github.com/PromptPal/PromptPal/service/helper.go:8.36,10.3 1 0
github.com/PromptPal/PromptPal/service/helper.go:11.2,11.15 1 0
github.com/PromptPal/PromptPal/service/jwt.go:19.62,36.2 4 0
github.com/PromptPal/PromptPal/service/jwt.go:37.55,38.108 1 0
github.com/PromptPal/PromptPal/service/jwt.go:38.108,40.3 1 0
github.com/PromptPal/PromptPal/service/jwt.go:42.2,42.16 1 0
github.com/PromptPal/PromptPal/service/jwt.go:42.16,44.3 1 0
github.com/PromptPal/PromptPal/service/jwt.go:46.2,46.72 1 0
github.com/PromptPal/PromptPal/service/jwt.go:46.72,48.3 1 0
github.com/PromptPal/PromptPal/service/jwt.go:48.8,50.3 1 0
github.com/PromptPal/PromptPal/service/password.go:17.44,19.2 1 0
github.com/PromptPal/PromptPal/service/password.go:22.73,23.53 1 0
github.com/PromptPal/PromptPal/service/password.go:23.53,25.3 1 0
github.com/PromptPal/PromptPal/service/password.go:27.2,28.16 2 0
github.com/PromptPal/PromptPal/service/password.go:28.16,30.3 1 0
github.com/PromptPal/PromptPal/service/password.go:32.2,32.33 1 0
github.com/PromptPal/PromptPal/service/password.go:36.81,38.2 1 0
github.com/PromptPal/PromptPal/service/password.go:41.67,42.39 1 0
github.com/PromptPal/PromptPal/service/password.go:42.39,44.3 1 0
github.com/PromptPal/PromptPal/service/password.go:45.2,45.39 1 0
github.com/PromptPal/PromptPal/service/password.go:45.39,47.3 1 0
github.com/PromptPal/PromptPal/service/password.go:48.2,48.12 1 0
github.com/PromptPal/PromptPal/service/redis.go:17.39,18.20 1 0
github.com/PromptPal/PromptPal/service/redis.go:18.20,21.3 2 0
github.com/PromptPal/PromptPal/service/redis.go:23.2,24.16 2 0
github.com/PromptPal/PromptPal/service/redis.go:24.16,26.3 1 0
github.com/PromptPal/PromptPal/service/redis.go:28.2,31.65 2 0
github.com/PromptPal/PromptPal/service/redis.go:31.65,33.3 1 0
github.com/PromptPal/PromptPal/service/redis.go:36.2,36.65 1 0
github.com/PromptPal/PromptPal/service/redis.go:36.65,38.3 1 0
github.com/PromptPal/PromptPal/service/redis.go:40.2,40.69 1 0
github.com/PromptPal/PromptPal/service/redis.go:40.69,42.3 1 0
github.com/PromptPal/PromptPal/service/redis.go:44.2,49.12 2 0
github.com/PromptPal/PromptPal/service/redis.go:53.37,55.2 1 0
github.com/PromptPal/PromptPal/service/redis.go:58.25,59.24 1 0
github.com/PromptPal/PromptPal/service/redis.go:59.24,61.3 1 0
github.com/PromptPal/PromptPal/service/redis.go:62.2,62.12 1 0
github.com/PromptPal/PromptPal/service/utils.go:7.88,9.72 2 8
github.com/PromptPal/PromptPal/service/utils.go:9.72,11.49 2 16
github.com/PromptPal/PromptPal/service/utils.go:11.49,13.4 1 14
github.com/PromptPal/PromptPal/service/utils.go:14.3,14.15 1 2
github.com/PromptPal/PromptPal/service/utils.go:16.2,16.15 1 8
github.com/PromptPal/PromptPal/service/web3.go:19.35,21.2 1 0
github.com/PromptPal/PromptPal/service/web3.go:24.98,29.16 5 0
github.com/PromptPal/PromptPal/service/web3.go:29.16,31.3 1 0
github.com/PromptPal/PromptPal/service/web3.go:32.2,33.44 2 0
github.com/PromptPal/PromptPal/service/web3.go:36.89,38.16 2 0
github.com/PromptPal/PromptPal/service/web3.go:38.16,40.3 1 0
github.com/PromptPal/PromptPal/service/web3.go:41.2,46.16 4 0
github.com/PromptPal/PromptPal/service/web3.go:46.16,48.3 1 0
github.com/PromptPal/PromptPal/service/web3.go:49.2,53.24 4 0
